Performing C SOURCE FILE Test CMAKE_HAVE_LIBC_PTHREAD failed with the following output:
Change Dir: /cms/bah165/programs/AliCosmics/build/CMakeFiles/CMakeTmp

Run Build Command(s):/usr/bin/gmake -f Makefile cmTC_7fee0/fast && /usr/bin/gmake  -f CMakeFiles/cmTC_7fee0.dir/build.make CMakeFiles/cmTC_7fee0.dir/build
gmake[1]: Entering directory `/cms/bah165/programs/AliCosmics/build/CMakeFiles/CMakeTmp'
Building C object CMakeFiles/cmTC_7fee0.dir/src.c.o
/cms/bah165/anaconda3/envs/GSimulator/bin/x86_64-conda-linux-gnu-cc -DCMAKE_HAVE_LIBC_PTHREAD  -march=nocona -mtune=haswell -ftree-vectorize -fPIC -fstack-protector-strong -fno-plt -O2 -ffunction-sections -pipe -isystem /cms/bah165/anaconda3/envs/GSimulator/include  -o CMakeFiles/cmTC_7fee0.dir/src.c.o -c /cms/bah165/programs/AliCosmics/build/CMakeFiles/CMakeTmp/src.c
Linking C executable cmTC_7fee0
/cms/bah165/anaconda3/envs/GSimulator/bin/cmake -E cmake_link_script CMakeFiles/cmTC_7fee0.dir/link.txt --verbose=1
/cms/bah165/anaconda3/envs/GSimulator/bin/x86_64-conda-linux-gnu-cc -march=nocona -mtune=haswell -ftree-vectorize -fPIC -fstack-protector-strong -fno-plt -O2 -ffunction-sections -pipe -isystem /cms/bah165/anaconda3/envs/GSimulator/include  -Wl,-O2 -Wl,--sort-common -Wl,--as-needed -Wl,-z,relro -Wl,-z,now -Wl,--disable-new-dtags -Wl,--gc-sections -Wl,-rpath,/cms/bah165/anaconda3/envs/GSimulator/lib -Wl,-rpath-link,/cms/bah165/anaconda3/envs/GSimulator/lib -L/cms/bah165/anaconda3/envs/GSimulator/lib  CMakeFiles/cmTC_7fee0.dir/src.c.o -o cmTC_7fee0 
/cms/bah165/anaconda3/envs/GSimulator/bin/../lib/gcc/x86_64-conda-linux-gnu/9.3.0/../../../../x86_64-conda-linux-gnu/bin/ld: CMakeFiles/cmTC_7fee0.dir/src.c.o: in function `main':
src.c:(.text.startup.main+0x24): undefined reference to `pthread_create'
/cms/bah165/anaconda3/envs/GSimulator/bin/../lib/gcc/x86_64-conda-linux-gnu/9.3.0/../../../../x86_64-conda-linux-gnu/bin/ld: src.c:(.text.startup.main+0x2e): undefined reference to `pthread_detach'
/cms/bah165/anaconda3/envs/GSimulator/bin/../lib/gcc/x86_64-conda-linux-gnu/9.3.0/../../../../x86_64-conda-linux-gnu/bin/ld: src.c:(.text.startup.main+0x38): undefined reference to `pthread_cancel'
/cms/bah165/anaconda3/envs/GSimulator/bin/../lib/gcc/x86_64-conda-linux-gnu/9.3.0/../../../../x86_64-conda-linux-gnu/bin/ld: src.c:(.text.startup.main+0x44): undefined reference to `pthread_join'
/cms/bah165/anaconda3/envs/GSimulator/bin/../lib/gcc/x86_64-conda-linux-gnu/9.3.0/../../../../x86_64-conda-linux-gnu/bin/ld: src.c:(.text.startup.main+0x50): undefined reference to `pthread_atfork'
collect2: error: ld returned 1 exit status
gmake[1]: *** [cmTC_7fee0] Error 1
gmake[1]: Leaving directory `/cms/bah165/programs/AliCosmics/build/CMakeFiles/CMakeTmp'
gmake: *** [cmTC_7fee0/fast] Error 2


Source file was:
#include <pthread.h>

static void* test_func(void* data)
{
  return data;
}

int main(void)
{
  pthread_t thread;
  pthread_create(&thread, NULL, test_func, NULL);
  pthread_detach(thread);
  pthread_cancel(thread);
  pthread_join(thread, NULL);
  pthread_atfork(NULL, NULL, NULL);
  pthread_exit(NULL);

  return 0;
}

