The system is: Linux - 3.10.0-1160.24.1.el7.x86_64 - x86_64
Compiling the C compiler identification source file "CMakeCCompilerId.c" succeeded.
Compiler: /cms/bah165/anaconda3/envs/GSimulator/bin/x86_64-conda-linux-gnu-cc 
Build flags: -march=nocona;-mtune=haswell;-ftree-vectorize;-fPIC;-fstack-protector-strong;-fno-plt;-O2;-ffunction-sections;-pipe;-isystem;/cms/bah165/anaconda3/envs/GSimulator/include
Id flags:  

The output was:
0


Compilation of the C compiler identification source "CMakeCCompilerId.c" produced "a.out"

The C compiler identification is GNU, found in "/cms/bah165/programs/AliCosmics/build/CMakeFiles/3.20.1/CompilerIdC/a.out"

Compiling the CXX compiler identification source file "CMakeCXXCompilerId.cpp" succeeded.
Compiler: /cms/bah165/anaconda3/envs/GSimulator/bin/x86_64-conda-linux-gnu-c++ 
Build flags: -fvisibility-inlines-hidden;-std=c++17;-fmessage-length=0;-march=nocona;-mtune=haswell;-ftree-vectorize;-fPIC;-fstack-protector-strong;-fno-plt;-O2;-ffunction-sections;-pipe;-isystem;/cms/bah165/anaconda3/envs/GSimulator/include
Id flags:  

The output was:
0


Compilation of the CXX compiler identification source "CMakeCXXCompilerId.cpp" produced "a.out"

The CXX compiler identification is GNU, found in "/cms/bah165/programs/AliCosmics/build/CMakeFiles/3.20.1/CompilerIdCXX/a.out"

Detecting C compiler ABI info compiled with the following output:
Change Dir: /cms/bah165/programs/AliCosmics/build/CMakeFiles/CMakeTmp

Run Build Command(s):/usr/bin/gmake -f Makefile cmTC_26cff/fast && /usr/bin/gmake  -f CMakeFiles/cmTC_26cff.dir/build.make CMakeFiles/cmTC_26cff.dir/build
gmake[1]: Entering directory `/cms/bah165/programs/AliCosmics/build/CMakeFiles/CMakeTmp'
Building C object CMakeFiles/cmTC_26cff.dir/CMakeCCompilerABI.c.o
/cms/bah165/anaconda3/envs/GSimulator/bin/x86_64-conda-linux-gnu-cc   -march=nocona -mtune=haswell -ftree-vectorize -fPIC -fstack-protector-strong -fno-plt -O2 -ffunction-sections -pipe -isystem /cms/bah165/anaconda3/envs/GSimulator/include    -v -o CMakeFiles/cmTC_26cff.dir/CMakeCCompilerABI.c.o -c /cms/bah165/anaconda3/envs/GSimulator/share/cmake-3.20/Modules/CMakeCCompilerABI.c
Reading specs from /cms/bah165/anaconda3/envs/GSimulator/bin/../lib/gcc/x86_64-conda-linux-gnu/9.3.0/specs
COLLECT_GCC=/cms/bah165/anaconda3/envs/GSimulator/bin/x86_64-conda-linux-gnu-cc
Target: x86_64-conda-linux-gnu
Configured with: /home/conda/feedstock_root/build_artifacts/ctng-compilers_1610729750655/work/.build/x86_64-conda-linux-gnu/src/gcc/configure --build=x86_64-build_pc-linux-gnu --host=x86_64-build_pc-linux-gnu --target=x86_64-conda-linux-gnu --prefix=/home/conda/feedstock_root/build_artifacts/ctng-compilers_1610729750655/work/gcc_built --with-sysroot=/home/conda/feedstock_root/build_artifacts/ctng-compilers_1610729750655/work/gcc_built/x86_64-conda-linux-gnu/sysroot --enable-languages=c,c++,fortran,objc,obj-c++ --with-pkgversion='crosstool-NG 1.24.0.133_b0863d8_dirty' --enable-__cxa_atexit --disable-libmudflap --enable-libgomp --disable-libssp --enable-libquadmath --enable-libquadmath-support --enable-libsanitizer --enable-libmpx --with-gmp=/home/conda/feedstock_root/build_artifacts/ctng-compilers_1610729750655/work/.build/x86_64-conda-linux-gnu/buildtools --with-mpfr=/home/conda/feedstock_root/build_artifacts/ctng-compilers_1610729750655/work/.build/x86_64-conda-linux-gnu/buildtools --with-mpc=/home/conda/feedstock_root/build_artifacts/ctng-compilers_1610729750655/work/.build/x86_64-conda-linux-gnu/buildtools --with-isl=/home/conda/feedstock_root/build_artifacts/ctng-compilers_1610729750655/work/.build/x86_64-conda-linux-gnu/buildtools --enable-lto --enable-threads=posix --enable-target-optspace --enable-plugin --enable-gold --disable-nls --disable-multilib --with-local-prefix=/home/conda/feedstock_root/build_artifacts/ctng-compilers_1610729750655/work/gcc_built/x86_64-conda-linux-gnu/sysroot --enable-long-long --enable-default-pie
Thread model: posix
gcc version 9.3.0 (crosstool-NG 1.24.0.133_b0863d8_dirty) 
COLLECT_GCC_OPTIONS='-march=nocona' '-mtune=haswell' '-ftree-vectorize' '-fPIC' '-fstack-protector-strong' '-fno-plt' '-O2' '-ffunction-sections' '-pipe' '-isystem' '/cms/bah165/anaconda3/envs/GSimulator/include' '-v' '-o' 'CMakeFiles/cmTC_26cff.dir/CMakeCCompilerABI.c.o' '-c'
 /cms/bah165/anaconda3/envs/GSimulator/bin/../libexec/gcc/x86_64-conda-linux-gnu/9.3.0/cc1 -quiet -v -iprefix /cms/bah165/anaconda3/envs/GSimulator/bin/../lib/gcc/x86_64-conda-linux-gnu/9.3.0/ -isysroot /cms/bah165/anaconda3/envs/GSimulator/bin/../x86_64-conda-linux-gnu/sysroot -isystem /cms/bah165/anaconda3/envs/GSimulator/include /cms/bah165/anaconda3/envs/GSimulator/share/cmake-3.20/Modules/CMakeCCompilerABI.c -quiet -dumpbase CMakeCCompilerABI.c -march=nocona -mtune=haswell -auxbase-strip CMakeFiles/cmTC_26cff.dir/CMakeCCompilerABI.c.o -O2 -version -ftree-vectorize -fPIC -fstack-protector-strong -fno-plt -ffunction-sections -o - |
 /cms/bah165/anaconda3/envs/GSimulator/bin/../lib/gcc/x86_64-conda-linux-gnu/9.3.0/../../../../x86_64-conda-linux-gnu/bin/as -v --64 -o CMakeFiles/cmTC_26cff.dir/CMakeCCompilerABI.c.o
GNU assembler version 2.35.1 (x86_64-conda-linux-gnu) using BFD version (GNU Binutils) 2.35.1
GNU C17 (crosstool-NG 1.24.0.133_b0863d8_dirty) version 9.3.0 (x86_64-conda-linux-gnu)
	compiled by GNU C version 4.4.7 20120313 (Red Hat 4.4.7-23), GMP version 6.2.0, MPFR version 4.0.2, MPC version 1.1.0, isl version isl-0.22-GMP

GGC heuristics: --param ggc-min-expand=100 --param ggc-min-heapsize=131072
ignoring duplicate directory "/cms/bah165/anaconda3/envs/GSimulator/bin/../lib/gcc/../../lib/gcc/x86_64-conda-linux-gnu/9.3.0/include"
ignoring nonexistent directory "/cms/bah165/anaconda3/envs/GSimulator/bin/../x86_64-conda-linux-gnu/sysroot/home/conda/feedstock_root/build_artifacts/ctng-compilers_1610729750655/work/gcc_built/x86_64-conda-linux-gnu/sysroot/include"
ignoring duplicate directory "/cms/bah165/anaconda3/envs/GSimulator/bin/../lib/gcc/../../lib/gcc/x86_64-conda-linux-gnu/9.3.0/include-fixed"
ignoring duplicate directory "/cms/bah165/anaconda3/envs/GSimulator/bin/../lib/gcc/../../lib/gcc/x86_64-conda-linux-gnu/9.3.0/../../../../x86_64-conda-linux-gnu/include"
#include "..." search starts here:
#include <...> search starts here:
 /cms/bah165/anaconda3/envs/GSimulator/include
 /cms/bah165/anaconda3/envs/GSimulator/bin/../lib/gcc/x86_64-conda-linux-gnu/9.3.0/include
 /cms/bah165/anaconda3/envs/GSimulator/bin/../lib/gcc/x86_64-conda-linux-gnu/9.3.0/include-fixed
 /cms/bah165/anaconda3/envs/GSimulator/bin/../lib/gcc/x86_64-conda-linux-gnu/9.3.0/../../../../x86_64-conda-linux-gnu/include
 /cms/bah165/anaconda3/envs/GSimulator/bin/../x86_64-conda-linux-gnu/sysroot/usr/include
End of search list.
GNU C17 (crosstool-NG 1.24.0.133_b0863d8_dirty) version 9.3.0 (x86_64-conda-linux-gnu)
	compiled by GNU C version 4.4.7 20120313 (Red Hat 4.4.7-23), GMP version 6.2.0, MPFR version 4.0.2, MPC version 1.1.0, isl version isl-0.22-GMP

GGC heuristics: --param ggc-min-expand=100 --param ggc-min-heapsize=131072
Compiler executable checksum: 197962650e19789795980f75e349bbc6
COMPILER_PATH=/cms/bah165/anaconda3/envs/GSimulator/bin/../libexec/gcc/x86_64-conda-linux-gnu/9.3.0/:/cms/bah165/anaconda3/envs/GSimulator/bin/../libexec/gcc/:/cms/bah165/anaconda3/envs/GSimulator/bin/../lib/gcc/x86_64-conda-linux-gnu/9.3.0/../../../../x86_64-conda-linux-gnu/bin/
LIBRARY_PATH=/cms/bah165/anaconda3/envs/GSimulator/bin/../lib/gcc/x86_64-conda-linux-gnu/9.3.0/:/cms/bah165/anaconda3/envs/GSimulator/bin/../lib/gcc/:/cms/bah165/anaconda3/envs/GSimulator/bin/../lib/gcc/x86_64-conda-linux-gnu/9.3.0/../../../../x86_64-conda-linux-gnu/lib/../lib/:/cms/bah165/anaconda3/envs/GSimulator/bin/../x86_64-conda-linux-gnu/sysroot/lib/../lib/:/cms/bah165/anaconda3/envs/GSimulator/bin/../x86_64-conda-linux-gnu/sysroot/usr/lib/../lib/:/cms/bah165/anaconda3/envs/GSimulator/bin/../lib/gcc/x86_64-conda-linux-gnu/9.3.0/../../../../x86_64-conda-linux-gnu/lib/:/cms/bah165/anaconda3/envs/GSimulator/bin/../x86_64-conda-linux-gnu/sysroot/lib/:/cms/bah165/anaconda3/envs/GSimulator/bin/../x86_64-conda-linux-gnu/sysroot/usr/lib/
COLLECT_GCC_OPTIONS='-march=nocona' '-mtune=haswell' '-ftree-vectorize' '-fPIC' '-fstack-protector-strong' '-fno-plt' '-O2' '-ffunction-sections' '-pipe' '-isystem' '/cms/bah165/anaconda3/envs/GSimulator/include' '-v' '-o' 'CMakeFiles/cmTC_26cff.dir/CMakeCCompilerABI.c.o' '-c'
Linking C executable cmTC_26cff
/cms/bah165/anaconda3/envs/GSimulator/bin/cmake -E cmake_link_script CMakeFiles/cmTC_26cff.dir/link.txt --verbose=1
/cms/bah165/anaconda3/envs/GSimulator/bin/x86_64-conda-linux-gnu-cc -march=nocona -mtune=haswell -ftree-vectorize -fPIC -fstack-protector-strong -fno-plt -O2 -ffunction-sections -pipe -isystem /cms/bah165/anaconda3/envs/GSimulator/include  -Wl,-O2 -Wl,--sort-common -Wl,--as-needed -Wl,-z,relro -Wl,-z,now -Wl,--disable-new-dtags -Wl,--gc-sections -Wl,-rpath,/cms/bah165/anaconda3/envs/GSimulator/lib -Wl,-rpath-link,/cms/bah165/anaconda3/envs/GSimulator/lib -L/cms/bah165/anaconda3/envs/GSimulator/lib -v CMakeFiles/cmTC_26cff.dir/CMakeCCompilerABI.c.o -o cmTC_26cff 
Reading specs from /cms/bah165/anaconda3/envs/GSimulator/bin/../lib/gcc/x86_64-conda-linux-gnu/9.3.0/specs
COLLECT_GCC=/cms/bah165/anaconda3/envs/GSimulator/bin/x86_64-conda-linux-gnu-cc
COLLECT_LTO_WRAPPER=/cms/bah165/anaconda3/envs/GSimulator/bin/../libexec/gcc/x86_64-conda-linux-gnu/9.3.0/lto-wrapper
Target: x86_64-conda-linux-gnu
Configured with: /home/conda/feedstock_root/build_artifacts/ctng-compilers_1610729750655/work/.build/x86_64-conda-linux-gnu/src/gcc/configure --build=x86_64-build_pc-linux-gnu --host=x86_64-build_pc-linux-gnu --target=x86_64-conda-linux-gnu --prefix=/home/conda/feedstock_root/build_artifacts/ctng-compilers_1610729750655/work/gcc_built --with-sysroot=/home/conda/feedstock_root/build_artifacts/ctng-compilers_1610729750655/work/gcc_built/x86_64-conda-linux-gnu/sysroot --enable-languages=c,c++,fortran,objc,obj-c++ --with-pkgversion='crosstool-NG 1.24.0.133_b0863d8_dirty' --enable-__cxa_atexit --disable-libmudflap --enable-libgomp --disable-libssp --enable-libquadmath --enable-libquadmath-support --enable-libsanitizer --enable-libmpx --with-gmp=/home/conda/feedstock_root/build_artifacts/ctng-compilers_1610729750655/work/.build/x86_64-conda-linux-gnu/buildtools --with-mpfr=/home/conda/feedstock_root/build_artifacts/ctng-compilers_1610729750655/work/.build/x86_64-conda-linux-gnu/buildtools --with-mpc=/home/conda/feedstock_root/build_artifacts/ctng-compilers_1610729750655/work/.build/x86_64-conda-linux-gnu/buildtools --with-isl=/home/conda/feedstock_root/build_artifacts/ctng-compilers_1610729750655/work/.build/x86_64-conda-linux-gnu/buildtools --enable-lto --enable-threads=posix --enable-target-optspace --enable-plugin --enable-gold --disable-nls --disable-multilib --with-local-prefix=/home/conda/feedstock_root/build_artifacts/ctng-compilers_1610729750655/work/gcc_built/x86_64-conda-linux-gnu/sysroot --enable-long-long --enable-default-pie
Thread model: posix
gcc version 9.3.0 (crosstool-NG 1.24.0.133_b0863d8_dirty) 
COMPILER_PATH=/cms/bah165/anaconda3/envs/GSimulator/bin/../libexec/gcc/x86_64-conda-linux-gnu/9.3.0/:/cms/bah165/anaconda3/envs/GSimulator/bin/../libexec/gcc/:/cms/bah165/anaconda3/envs/GSimulator/bin/../lib/gcc/x86_64-conda-linux-gnu/9.3.0/../../../../x86_64-conda-linux-gnu/bin/
LIBRARY_PATH=/cms/bah165/anaconda3/envs/GSimulator/bin/../lib/gcc/x86_64-conda-linux-gnu/9.3.0/:/cms/bah165/anaconda3/envs/GSimulator/bin/../lib/gcc/:/cms/bah165/anaconda3/envs/GSimulator/bin/../lib/gcc/x86_64-conda-linux-gnu/9.3.0/../../../../x86_64-conda-linux-gnu/lib/../lib/:/cms/bah165/anaconda3/envs/GSimulator/bin/../x86_64-conda-linux-gnu/sysroot/lib/../lib/:/cms/bah165/anaconda3/envs/GSimulator/bin/../x86_64-conda-linux-gnu/sysroot/usr/lib/../lib/:/cms/bah165/anaconda3/envs/GSimulator/bin/../lib/gcc/x86_64-conda-linux-gnu/9.3.0/../../../../x86_64-conda-linux-gnu/lib/:/cms/bah165/anaconda3/envs/GSimulator/bin/../x86_64-conda-linux-gnu/sysroot/lib/:/cms/bah165/anaconda3/envs/GSimulator/bin/../x86_64-conda-linux-gnu/sysroot/usr/lib/
COLLECT_GCC_OPTIONS='-march=nocona' '-mtune=haswell' '-ftree-vectorize' '-fPIC' '-fstack-protector-strong' '-fno-plt' '-O2' '-ffunction-sections' '-pipe' '-isystem' '/cms/bah165/anaconda3/envs/GSimulator/include' '-L/cms/bah165/anaconda3/envs/GSimulator/lib' '-v' '-o' 'cmTC_26cff'
 /cms/bah165/anaconda3/envs/GSimulator/bin/../libexec/gcc/x86_64-conda-linux-gnu/9.3.0/collect2 -plugin /cms/bah165/anaconda3/envs/GSimulator/bin/../libexec/gcc/x86_64-conda-linux-gnu/9.3.0/liblto_plugin.so -plugin-opt=/cms/bah165/anaconda3/envs/GSimulator/bin/../libexec/gcc/x86_64-conda-linux-gnu/9.3.0/lto-wrapper -plugin-opt=-fresolution=/tmp/ccEQP3uR.res -plugin-opt=-pass-through=-lgcc -plugin-opt=-pass-through=-lgcc_s -plugin-opt=-pass-through=-lc -plugin-opt=-pass-through=-lgcc -plugin-opt=-pass-through=-lgcc_s --sysroot=/cms/bah165/anaconda3/envs/GSimulator/bin/../x86_64-conda-linux-gnu/sysroot --eh-frame-hdr -m elf_x86_64 -dynamic-linker /lib64/ld-linux-x86-64.so.2 -pie -o cmTC_26cff /cms/bah165/anaconda3/envs/GSimulator/bin/../x86_64-conda-linux-gnu/sysroot/usr/lib/../lib/Scrt1.o /cms/bah165/anaconda3/envs/GSimulator/bin/../x86_64-conda-linux-gnu/sysroot/usr/lib/../lib/crti.o /cms/bah165/anaconda3/envs/GSimulator/bin/../lib/gcc/x86_64-conda-linux-gnu/9.3.0/crtbeginS.o -L/cms/bah165/anaconda3/envs/GSimulator/lib -L/cms/bah165/anaconda3/envs/GSimulator/bin/../lib/gcc/x86_64-conda-linux-gnu/9.3.0 -L/cms/bah165/anaconda3/envs/GSimulator/bin/../lib/gcc -L/cms/bah165/anaconda3/envs/GSimulator/bin/../lib/gcc/x86_64-conda-linux-gnu/9.3.0/../../../../x86_64-conda-linux-gnu/lib/../lib -L/cms/bah165/anaconda3/envs/GSimulator/bin/../x86_64-conda-linux-gnu/sysroot/lib/../lib -L/cms/bah165/anaconda3/envs/GSimulator/bin/../x86_64-conda-linux-gnu/sysroot/usr/lib/../lib -L/cms/bah165/anaconda3/envs/GSimulator/bin/../lib/gcc/x86_64-conda-linux-gnu/9.3.0/../../../../x86_64-conda-linux-gnu/lib -L/cms/bah165/anaconda3/envs/GSimulator/bin/../x86_64-conda-linux-gnu/sysroot/lib -L/cms/bah165/anaconda3/envs/GSimulator/bin/../x86_64-conda-linux-gnu/sysroot/usr/lib -rpath /cms/bah165/anaconda3/envs/GSimulator/lib -O2 --sort-common --as-needed -z relro -z now --disable-new-dtags --gc-sections -rpath /cms/bah165/anaconda3/envs/GSimulator/lib -rpath-link /cms/bah165/anaconda3/envs/GSimulator/lib CMakeFiles/cmTC_26cff.dir/CMakeCCompilerABI.c.o -lgcc --push-state --as-needed -lgcc_s --pop-state -lc -lgcc --push-state --as-needed -lgcc_s --pop-state /cms/bah165/anaconda3/envs/GSimulator/bin/../lib/gcc/x86_64-conda-linux-gnu/9.3.0/crtendS.o /cms/bah165/anaconda3/envs/GSimulator/bin/../x86_64-conda-linux-gnu/sysroot/usr/lib/../lib/crtn.o
COLLECT_GCC_OPTIONS='-march=nocona' '-mtune=haswell' '-ftree-vectorize' '-fPIC' '-fstack-protector-strong' '-fno-plt' '-O2' '-ffunction-sections' '-pipe' '-isystem' '/cms/bah165/anaconda3/envs/GSimulator/include' '-L/cms/bah165/anaconda3/envs/GSimulator/lib' '-v' '-o' 'cmTC_26cff'
gmake[1]: Leaving directory `/cms/bah165/programs/AliCosmics/build/CMakeFiles/CMakeTmp'



Parsed C implicit include dir info from above output: rv=done
  found start of include info
  found start of implicit include info
    add: [/cms/bah165/anaconda3/envs/GSimulator/include]
    add: [/cms/bah165/anaconda3/envs/GSimulator/bin/../lib/gcc/x86_64-conda-linux-gnu/9.3.0/include]
    add: [/cms/bah165/anaconda3/envs/GSimulator/bin/../lib/gcc/x86_64-conda-linux-gnu/9.3.0/include-fixed]
    add: [/cms/bah165/anaconda3/envs/GSimulator/bin/../lib/gcc/x86_64-conda-linux-gnu/9.3.0/../../../../x86_64-conda-linux-gnu/include]
    add: [/cms/bah165/anaconda3/envs/GSimulator/bin/../x86_64-conda-linux-gnu/sysroot/usr/include]
  end of search list found
  collapse include dir [/cms/bah165/anaconda3/envs/GSimulator/include] ==> [/cms/bah165/anaconda3/envs/GSimulator/include]
  collapse include dir [/cms/bah165/anaconda3/envs/GSimulator/bin/../lib/gcc/x86_64-conda-linux-gnu/9.3.0/include] ==> [/cms/bah165/anaconda3/envs/GSimulator/lib/gcc/x86_64-conda-linux-gnu/9.3.0/include]
  collapse include dir [/cms/bah165/anaconda3/envs/GSimulator/bin/../lib/gcc/x86_64-conda-linux-gnu/9.3.0/include-fixed] ==> [/cms/bah165/anaconda3/envs/GSimulator/lib/gcc/x86_64-conda-linux-gnu/9.3.0/include-fixed]
  collapse include dir [/cms/bah165/anaconda3/envs/GSimulator/bin/../lib/gcc/x86_64-conda-linux-gnu/9.3.0/../../../../x86_64-conda-linux-gnu/include] ==> [/cms/bah165/anaconda3/envs/GSimulator/x86_64-conda-linux-gnu/include]
  collapse include dir [/cms/bah165/anaconda3/envs/GSimulator/bin/../x86_64-conda-linux-gnu/sysroot/usr/include] ==> [/cms/bah165/anaconda3/envs/GSimulator/x86_64-conda-linux-gnu/sysroot/usr/include]
  implicit include dirs: [/cms/bah165/anaconda3/envs/GSimulator/include;/cms/bah165/anaconda3/envs/GSimulator/lib/gcc/x86_64-conda-linux-gnu/9.3.0/include;/cms/bah165/anaconda3/envs/GSimulator/lib/gcc/x86_64-conda-linux-gnu/9.3.0/include-fixed;/cms/bah165/anaconda3/envs/GSimulator/x86_64-conda-linux-gnu/include;/cms/bah165/anaconda3/envs/GSimulator/x86_64-conda-linux-gnu/sysroot/usr/include]


Parsed C implicit link information from above output:
  link line regex: [^( *|.*[/\])(x86_64-conda-linux-gnu-ld|CMAKE_LINK_STARTFILE-NOTFOUND|([^/\]+-)?ld|collect2)[^/\]*( |$)]
  ignore line: [Change Dir: /cms/bah165/programs/AliCosmics/build/CMakeFiles/CMakeTmp]
  ignore line: []
  ignore line: [Run Build Command(s):/usr/bin/gmake -f Makefile cmTC_26cff/fast && /usr/bin/gmake  -f CMakeFiles/cmTC_26cff.dir/build.make CMakeFiles/cmTC_26cff.dir/build]
  ignore line: [gmake[1]: Entering directory `/cms/bah165/programs/AliCosmics/build/CMakeFiles/CMakeTmp']
  ignore line: [Building C object CMakeFiles/cmTC_26cff.dir/CMakeCCompilerABI.c.o]
  ignore line: [/cms/bah165/anaconda3/envs/GSimulator/bin/x86_64-conda-linux-gnu-cc   -march=nocona -mtune=haswell -ftree-vectorize -fPIC -fstack-protector-strong -fno-plt -O2 -ffunction-sections -pipe -isystem /cms/bah165/anaconda3/envs/GSimulator/include    -v -o CMakeFiles/cmTC_26cff.dir/CMakeCCompilerABI.c.o -c /cms/bah165/anaconda3/envs/GSimulator/share/cmake-3.20/Modules/CMakeCCompilerABI.c]
  ignore line: [Reading specs from /cms/bah165/anaconda3/envs/GSimulator/bin/../lib/gcc/x86_64-conda-linux-gnu/9.3.0/specs]
  ignore line: [COLLECT_GCC=/cms/bah165/anaconda3/envs/GSimulator/bin/x86_64-conda-linux-gnu-cc]
  ignore line: [Target: x86_64-conda-linux-gnu]
  ignore line: [Configured with: /home/conda/feedstock_root/build_artifacts/ctng-compilers_1610729750655/work/.build/x86_64-conda-linux-gnu/src/gcc/configure --build=x86_64-build_pc-linux-gnu --host=x86_64-build_pc-linux-gnu --target=x86_64-conda-linux-gnu --prefix=/home/conda/feedstock_root/build_artifacts/ctng-compilers_1610729750655/work/gcc_built --with-sysroot=/home/conda/feedstock_root/build_artifacts/ctng-compilers_1610729750655/work/gcc_built/x86_64-conda-linux-gnu/sysroot --enable-languages=c c++ fortran objc obj-c++ --with-pkgversion='crosstool-NG 1.24.0.133_b0863d8_dirty' --enable-__cxa_atexit --disable-libmudflap --enable-libgomp --disable-libssp --enable-libquadmath --enable-libquadmath-support --enable-libsanitizer --enable-libmpx --with-gmp=/home/conda/feedstock_root/build_artifacts/ctng-compilers_1610729750655/work/.build/x86_64-conda-linux-gnu/buildtools --with-mpfr=/home/conda/feedstock_root/build_artifacts/ctng-compilers_1610729750655/work/.build/x86_64-conda-linux-gnu/buildtools --with-mpc=/home/conda/feedstock_root/build_artifacts/ctng-compilers_1610729750655/work/.build/x86_64-conda-linux-gnu/buildtools --with-isl=/home/conda/feedstock_root/build_artifacts/ctng-compilers_1610729750655/work/.build/x86_64-conda-linux-gnu/buildtools --enable-lto --enable-threads=posix --enable-target-optspace --enable-plugin --enable-gold --disable-nls --disable-multilib --with-local-prefix=/home/conda/feedstock_root/build_artifacts/ctng-compilers_1610729750655/work/gcc_built/x86_64-conda-linux-gnu/sysroot --enable-long-long --enable-default-pie]
  ignore line: [Thread model: posix]
  ignore line: [gcc version 9.3.0 (crosstool-NG 1.24.0.133_b0863d8_dirty) ]
  ignore line: [COLLECT_GCC_OPTIONS='-march=nocona' '-mtune=haswell' '-ftree-vectorize' '-fPIC' '-fstack-protector-strong' '-fno-plt' '-O2' '-ffunction-sections' '-pipe' '-isystem' '/cms/bah165/anaconda3/envs/GSimulator/include' '-v' '-o' 'CMakeFiles/cmTC_26cff.dir/CMakeCCompilerABI.c.o' '-c']
  ignore line: [ /cms/bah165/anaconda3/envs/GSimulator/bin/../libexec/gcc/x86_64-conda-linux-gnu/9.3.0/cc1 -quiet -v -iprefix /cms/bah165/anaconda3/envs/GSimulator/bin/../lib/gcc/x86_64-conda-linux-gnu/9.3.0/ -isysroot /cms/bah165/anaconda3/envs/GSimulator/bin/../x86_64-conda-linux-gnu/sysroot -isystem /cms/bah165/anaconda3/envs/GSimulator/include /cms/bah165/anaconda3/envs/GSimulator/share/cmake-3.20/Modules/CMakeCCompilerABI.c -quiet -dumpbase CMakeCCompilerABI.c -march=nocona -mtune=haswell -auxbase-strip CMakeFiles/cmTC_26cff.dir/CMakeCCompilerABI.c.o -O2 -version -ftree-vectorize -fPIC -fstack-protector-strong -fno-plt -ffunction-sections -o - |]
  ignore line: [ /cms/bah165/anaconda3/envs/GSimulator/bin/../lib/gcc/x86_64-conda-linux-gnu/9.3.0/../../../../x86_64-conda-linux-gnu/bin/as -v --64 -o CMakeFiles/cmTC_26cff.dir/CMakeCCompilerABI.c.o]
  ignore line: [GNU assembler version 2.35.1 (x86_64-conda-linux-gnu) using BFD version (GNU Binutils) 2.35.1]
  ignore line: [GNU C17 (crosstool-NG 1.24.0.133_b0863d8_dirty) version 9.3.0 (x86_64-conda-linux-gnu)]
  ignore line: [	compiled by GNU C version 4.4.7 20120313 (Red Hat 4.4.7-23)  GMP version 6.2.0  MPFR version 4.0.2  MPC version 1.1.0  isl version isl-0.22-GMP]
  ignore line: []
  ignore line: [GGC heuristics: --param ggc-min-expand=100 --param ggc-min-heapsize=131072]
  ignore line: [ignoring duplicate directory "/cms/bah165/anaconda3/envs/GSimulator/bin/../lib/gcc/../../lib/gcc/x86_64-conda-linux-gnu/9.3.0/include"]
  ignore line: [ignoring nonexistent directory "/cms/bah165/anaconda3/envs/GSimulator/bin/../x86_64-conda-linux-gnu/sysroot/home/conda/feedstock_root/build_artifacts/ctng-compilers_1610729750655/work/gcc_built/x86_64-conda-linux-gnu/sysroot/include"]
  ignore line: [ignoring duplicate directory "/cms/bah165/anaconda3/envs/GSimulator/bin/../lib/gcc/../../lib/gcc/x86_64-conda-linux-gnu/9.3.0/include-fixed"]
  ignore line: [ignoring duplicate directory "/cms/bah165/anaconda3/envs/GSimulator/bin/../lib/gcc/../../lib/gcc/x86_64-conda-linux-gnu/9.3.0/../../../../x86_64-conda-linux-gnu/include"]
  ignore line: [#include "..." search starts here:]
  ignore line: [#include <...> search starts here:]
  ignore line: [ /cms/bah165/anaconda3/envs/GSimulator/include]
  ignore line: [ /cms/bah165/anaconda3/envs/GSimulator/bin/../lib/gcc/x86_64-conda-linux-gnu/9.3.0/include]
  ignore line: [ /cms/bah165/anaconda3/envs/GSimulator/bin/../lib/gcc/x86_64-conda-linux-gnu/9.3.0/include-fixed]
  ignore line: [ /cms/bah165/anaconda3/envs/GSimulator/bin/../lib/gcc/x86_64-conda-linux-gnu/9.3.0/../../../../x86_64-conda-linux-gnu/include]
  ignore line: [ /cms/bah165/anaconda3/envs/GSimulator/bin/../x86_64-conda-linux-gnu/sysroot/usr/include]
  ignore line: [End of search list.]
  ignore line: [GNU C17 (crosstool-NG 1.24.0.133_b0863d8_dirty) version 9.3.0 (x86_64-conda-linux-gnu)]
  ignore line: [	compiled by GNU C version 4.4.7 20120313 (Red Hat 4.4.7-23)  GMP version 6.2.0  MPFR version 4.0.2  MPC version 1.1.0  isl version isl-0.22-GMP]
  ignore line: []
  ignore line: [GGC heuristics: --param ggc-min-expand=100 --param ggc-min-heapsize=131072]
  ignore line: [Compiler executable checksum: 197962650e19789795980f75e349bbc6]
  ignore line: [COMPILER_PATH=/cms/bah165/anaconda3/envs/GSimulator/bin/../libexec/gcc/x86_64-conda-linux-gnu/9.3.0/:/cms/bah165/anaconda3/envs/GSimulator/bin/../libexec/gcc/:/cms/bah165/anaconda3/envs/GSimulator/bin/../lib/gcc/x86_64-conda-linux-gnu/9.3.0/../../../../x86_64-conda-linux-gnu/bin/]
  ignore line: [LIBRARY_PATH=/cms/bah165/anaconda3/envs/GSimulator/bin/../lib/gcc/x86_64-conda-linux-gnu/9.3.0/:/cms/bah165/anaconda3/envs/GSimulator/bin/../lib/gcc/:/cms/bah165/anaconda3/envs/GSimulator/bin/../lib/gcc/x86_64-conda-linux-gnu/9.3.0/../../../../x86_64-conda-linux-gnu/lib/../lib/:/cms/bah165/anaconda3/envs/GSimulator/bin/../x86_64-conda-linux-gnu/sysroot/lib/../lib/:/cms/bah165/anaconda3/envs/GSimulator/bin/../x86_64-conda-linux-gnu/sysroot/usr/lib/../lib/:/cms/bah165/anaconda3/envs/GSimulator/bin/../lib/gcc/x86_64-conda-linux-gnu/9.3.0/../../../../x86_64-conda-linux-gnu/lib/:/cms/bah165/anaconda3/envs/GSimulator/bin/../x86_64-conda-linux-gnu/sysroot/lib/:/cms/bah165/anaconda3/envs/GSimulator/bin/../x86_64-conda-linux-gnu/sysroot/usr/lib/]
  ignore line: [COLLECT_GCC_OPTIONS='-march=nocona' '-mtune=haswell' '-ftree-vectorize' '-fPIC' '-fstack-protector-strong' '-fno-plt' '-O2' '-ffunction-sections' '-pipe' '-isystem' '/cms/bah165/anaconda3/envs/GSimulator/include' '-v' '-o' 'CMakeFiles/cmTC_26cff.dir/CMakeCCompilerABI.c.o' '-c']
  ignore line: [Linking C executable cmTC_26cff]
  ignore line: [/cms/bah165/anaconda3/envs/GSimulator/bin/cmake -E cmake_link_script CMakeFiles/cmTC_26cff.dir/link.txt --verbose=1]
  ignore line: [/cms/bah165/anaconda3/envs/GSimulator/bin/x86_64-conda-linux-gnu-cc -march=nocona -mtune=haswell -ftree-vectorize -fPIC -fstack-protector-strong -fno-plt -O2 -ffunction-sections -pipe -isystem /cms/bah165/anaconda3/envs/GSimulator/include  -Wl -O2 -Wl --sort-common -Wl --as-needed -Wl -z relro -Wl -z now -Wl --disable-new-dtags -Wl --gc-sections -Wl -rpath /cms/bah165/anaconda3/envs/GSimulator/lib -Wl -rpath-link /cms/bah165/anaconda3/envs/GSimulator/lib -L/cms/bah165/anaconda3/envs/GSimulator/lib -v CMakeFiles/cmTC_26cff.dir/CMakeCCompilerABI.c.o -o cmTC_26cff ]
  ignore line: [Reading specs from /cms/bah165/anaconda3/envs/GSimulator/bin/../lib/gcc/x86_64-conda-linux-gnu/9.3.0/specs]
  ignore line: [COLLECT_GCC=/cms/bah165/anaconda3/envs/GSimulator/bin/x86_64-conda-linux-gnu-cc]
  ignore line: [COLLECT_LTO_WRAPPER=/cms/bah165/anaconda3/envs/GSimulator/bin/../libexec/gcc/x86_64-conda-linux-gnu/9.3.0/lto-wrapper]
  ignore line: [Target: x86_64-conda-linux-gnu]
  ignore line: [Configured with: /home/conda/feedstock_root/build_artifacts/ctng-compilers_1610729750655/work/.build/x86_64-conda-linux-gnu/src/gcc/configure --build=x86_64-build_pc-linux-gnu --host=x86_64-build_pc-linux-gnu --target=x86_64-conda-linux-gnu --prefix=/home/conda/feedstock_root/build_artifacts/ctng-compilers_1610729750655/work/gcc_built --with-sysroot=/home/conda/feedstock_root/build_artifacts/ctng-compilers_1610729750655/work/gcc_built/x86_64-conda-linux-gnu/sysroot --enable-languages=c c++ fortran objc obj-c++ --with-pkgversion='crosstool-NG 1.24.0.133_b0863d8_dirty' --enable-__cxa_atexit --disable-libmudflap --enable-libgomp --disable-libssp --enable-libquadmath --enable-libquadmath-support --enable-libsanitizer --enable-libmpx --with-gmp=/home/conda/feedstock_root/build_artifacts/ctng-compilers_1610729750655/work/.build/x86_64-conda-linux-gnu/buildtools --with-mpfr=/home/conda/feedstock_root/build_artifacts/ctng-compilers_1610729750655/work/.build/x86_64-conda-linux-gnu/buildtools --with-mpc=/home/conda/feedstock_root/build_artifacts/ctng-compilers_1610729750655/work/.build/x86_64-conda-linux-gnu/buildtools --with-isl=/home/conda/feedstock_root/build_artifacts/ctng-compilers_1610729750655/work/.build/x86_64-conda-linux-gnu/buildtools --enable-lto --enable-threads=posix --enable-target-optspace --enable-plugin --enable-gold --disable-nls --disable-multilib --with-local-prefix=/home/conda/feedstock_root/build_artifacts/ctng-compilers_1610729750655/work/gcc_built/x86_64-conda-linux-gnu/sysroot --enable-long-long --enable-default-pie]
  ignore line: [Thread model: posix]
  ignore line: [gcc version 9.3.0 (crosstool-NG 1.24.0.133_b0863d8_dirty) ]
  ignore line: [COMPILER_PATH=/cms/bah165/anaconda3/envs/GSimulator/bin/../libexec/gcc/x86_64-conda-linux-gnu/9.3.0/:/cms/bah165/anaconda3/envs/GSimulator/bin/../libexec/gcc/:/cms/bah165/anaconda3/envs/GSimulator/bin/../lib/gcc/x86_64-conda-linux-gnu/9.3.0/../../../../x86_64-conda-linux-gnu/bin/]
  ignore line: [LIBRARY_PATH=/cms/bah165/anaconda3/envs/GSimulator/bin/../lib/gcc/x86_64-conda-linux-gnu/9.3.0/:/cms/bah165/anaconda3/envs/GSimulator/bin/../lib/gcc/:/cms/bah165/anaconda3/envs/GSimulator/bin/../lib/gcc/x86_64-conda-linux-gnu/9.3.0/../../../../x86_64-conda-linux-gnu/lib/../lib/:/cms/bah165/anaconda3/envs/GSimulator/bin/../x86_64-conda-linux-gnu/sysroot/lib/../lib/:/cms/bah165/anaconda3/envs/GSimulator/bin/../x86_64-conda-linux-gnu/sysroot/usr/lib/../lib/:/cms/bah165/anaconda3/envs/GSimulator/bin/../lib/gcc/x86_64-conda-linux-gnu/9.3.0/../../../../x86_64-conda-linux-gnu/lib/:/cms/bah165/anaconda3/envs/GSimulator/bin/../x86_64-conda-linux-gnu/sysroot/lib/:/cms/bah165/anaconda3/envs/GSimulator/bin/../x86_64-conda-linux-gnu/sysroot/usr/lib/]
  ignore line: [COLLECT_GCC_OPTIONS='-march=nocona' '-mtune=haswell' '-ftree-vectorize' '-fPIC' '-fstack-protector-strong' '-fno-plt' '-O2' '-ffunction-sections' '-pipe' '-isystem' '/cms/bah165/anaconda3/envs/GSimulator/include' '-L/cms/bah165/anaconda3/envs/GSimulator/lib' '-v' '-o' 'cmTC_26cff']
  link line: [ /cms/bah165/anaconda3/envs/GSimulator/bin/../libexec/gcc/x86_64-conda-linux-gnu/9.3.0/collect2 -plugin /cms/bah165/anaconda3/envs/GSimulator/bin/../libexec/gcc/x86_64-conda-linux-gnu/9.3.0/liblto_plugin.so -plugin-opt=/cms/bah165/anaconda3/envs/GSimulator/bin/../libexec/gcc/x86_64-conda-linux-gnu/9.3.0/lto-wrapper -plugin-opt=-fresolution=/tmp/ccEQP3uR.res -plugin-opt=-pass-through=-lgcc -plugin-opt=-pass-through=-lgcc_s -plugin-opt=-pass-through=-lc -plugin-opt=-pass-through=-lgcc -plugin-opt=-pass-through=-lgcc_s --sysroot=/cms/bah165/anaconda3/envs/GSimulator/bin/../x86_64-conda-linux-gnu/sysroot --eh-frame-hdr -m elf_x86_64 -dynamic-linker /lib64/ld-linux-x86-64.so.2 -pie -o cmTC_26cff /cms/bah165/anaconda3/envs/GSimulator/bin/../x86_64-conda-linux-gnu/sysroot/usr/lib/../lib/Scrt1.o /cms/bah165/anaconda3/envs/GSimulator/bin/../x86_64-conda-linux-gnu/sysroot/usr/lib/../lib/crti.o /cms/bah165/anaconda3/envs/GSimulator/bin/../lib/gcc/x86_64-conda-linux-gnu/9.3.0/crtbeginS.o -L/cms/bah165/anaconda3/envs/GSimulator/lib -L/cms/bah165/anaconda3/envs/GSimulator/bin/../lib/gcc/x86_64-conda-linux-gnu/9.3.0 -L/cms/bah165/anaconda3/envs/GSimulator/bin/../lib/gcc -L/cms/bah165/anaconda3/envs/GSimulator/bin/../lib/gcc/x86_64-conda-linux-gnu/9.3.0/../../../../x86_64-conda-linux-gnu/lib/../lib -L/cms/bah165/anaconda3/envs/GSimulator/bin/../x86_64-conda-linux-gnu/sysroot/lib/../lib -L/cms/bah165/anaconda3/envs/GSimulator/bin/../x86_64-conda-linux-gnu/sysroot/usr/lib/../lib -L/cms/bah165/anaconda3/envs/GSimulator/bin/../lib/gcc/x86_64-conda-linux-gnu/9.3.0/../../../../x86_64-conda-linux-gnu/lib -L/cms/bah165/anaconda3/envs/GSimulator/bin/../x86_64-conda-linux-gnu/sysroot/lib -L/cms/bah165/anaconda3/envs/GSimulator/bin/../x86_64-conda-linux-gnu/sysroot/usr/lib -rpath /cms/bah165/anaconda3/envs/GSimulator/lib -O2 --sort-common --as-needed -z relro -z now --disable-new-dtags --gc-sections -rpath /cms/bah165/anaconda3/envs/GSimulator/lib -rpath-link /cms/bah165/anaconda3/envs/GSimulator/lib CMakeFiles/cmTC_26cff.dir/CMakeCCompilerABI.c.o -lgcc --push-state --as-needed -lgcc_s --pop-state -lc -lgcc --push-state --as-needed -lgcc_s --pop-state /cms/bah165/anaconda3/envs/GSimulator/bin/../lib/gcc/x86_64-conda-linux-gnu/9.3.0/crtendS.o /cms/bah165/anaconda3/envs/GSimulator/bin/../x86_64-conda-linux-gnu/sysroot/usr/lib/../lib/crtn.o]
    arg [/cms/bah165/anaconda3/envs/GSimulator/bin/../libexec/gcc/x86_64-conda-linux-gnu/9.3.0/collect2] ==> ignore
    arg [-plugin] ==> ignore
    arg [/cms/bah165/anaconda3/envs/GSimulator/bin/../libexec/gcc/x86_64-conda-linux-gnu/9.3.0/liblto_plugin.so] ==> ignore
    arg [-plugin-opt=/cms/bah165/anaconda3/envs/GSimulator/bin/../libexec/gcc/x86_64-conda-linux-gnu/9.3.0/lto-wrapper] ==> ignore
    arg [-plugin-opt=-fresolution=/tmp/ccEQP3uR.res] ==> ignore
    arg [-plugin-opt=-pass-through=-lgcc] ==> ignore
    arg [-plugin-opt=-pass-through=-lgcc_s] ==> ignore
    arg [-plugin-opt=-pass-through=-lc] ==> ignore
    arg [-plugin-opt=-pass-through=-lgcc] ==> ignore
    arg [-plugin-opt=-pass-through=-lgcc_s] ==> ignore
    arg [--sysroot=/cms/bah165/anaconda3/envs/GSimulator/bin/../x86_64-conda-linux-gnu/sysroot] ==> ignore
    arg [--eh-frame-hdr] ==> ignore
    arg [-m] ==> ignore
    arg [elf_x86_64] ==> ignore
    arg [-dynamic-linker] ==> ignore
    arg [/lib64/ld-linux-x86-64.so.2] ==> ignore
    arg [-pie] ==> ignore
    arg [-o] ==> ignore
    arg [cmTC_26cff] ==> ignore
    arg [/cms/bah165/anaconda3/envs/GSimulator/bin/../x86_64-conda-linux-gnu/sysroot/usr/lib/../lib/Scrt1.o] ==> obj [/cms/bah165/anaconda3/envs/GSimulator/bin/../x86_64-conda-linux-gnu/sysroot/usr/lib/../lib/Scrt1.o]
    arg [/cms/bah165/anaconda3/envs/GSimulator/bin/../x86_64-conda-linux-gnu/sysroot/usr/lib/../lib/crti.o] ==> obj [/cms/bah165/anaconda3/envs/GSimulator/bin/../x86_64-conda-linux-gnu/sysroot/usr/lib/../lib/crti.o]
    arg [/cms/bah165/anaconda3/envs/GSimulator/bin/../lib/gcc/x86_64-conda-linux-gnu/9.3.0/crtbeginS.o] ==> obj [/cms/bah165/anaconda3/envs/GSimulator/bin/../lib/gcc/x86_64-conda-linux-gnu/9.3.0/crtbeginS.o]
    arg [-L/cms/bah165/anaconda3/envs/GSimulator/lib] ==> dir [/cms/bah165/anaconda3/envs/GSimulator/lib]
    arg [-L/cms/bah165/anaconda3/envs/GSimulator/bin/../lib/gcc/x86_64-conda-linux-gnu/9.3.0] ==> dir [/cms/bah165/anaconda3/envs/GSimulator/bin/../lib/gcc/x86_64-conda-linux-gnu/9.3.0]
    arg [-L/cms/bah165/anaconda3/envs/GSimulator/bin/../lib/gcc] ==> dir [/cms/bah165/anaconda3/envs/GSimulator/bin/../lib/gcc]
    arg [-L/cms/bah165/anaconda3/envs/GSimulator/bin/../lib/gcc/x86_64-conda-linux-gnu/9.3.0/../../../../x86_64-conda-linux-gnu/lib/../lib] ==> dir [/cms/bah165/anaconda3/envs/GSimulator/bin/../lib/gcc/x86_64-conda-linux-gnu/9.3.0/../../../../x86_64-conda-linux-gnu/lib/../lib]
    arg [-L/cms/bah165/anaconda3/envs/GSimulator/bin/../x86_64-conda-linux-gnu/sysroot/lib/../lib] ==> dir [/cms/bah165/anaconda3/envs/GSimulator/bin/../x86_64-conda-linux-gnu/sysroot/lib/../lib]
    arg [-L/cms/bah165/anaconda3/envs/GSimulator/bin/../x86_64-conda-linux-gnu/sysroot/usr/lib/../lib] ==> dir [/cms/bah165/anaconda3/envs/GSimulator/bin/../x86_64-conda-linux-gnu/sysroot/usr/lib/../lib]
    arg [-L/cms/bah165/anaconda3/envs/GSimulator/bin/../lib/gcc/x86_64-conda-linux-gnu/9.3.0/../../../../x86_64-conda-linux-gnu/lib] ==> dir [/cms/bah165/anaconda3/envs/GSimulator/bin/../lib/gcc/x86_64-conda-linux-gnu/9.3.0/../../../../x86_64-conda-linux-gnu/lib]
    arg [-L/cms/bah165/anaconda3/envs/GSimulator/bin/../x86_64-conda-linux-gnu/sysroot/lib] ==> dir [/cms/bah165/anaconda3/envs/GSimulator/bin/../x86_64-conda-linux-gnu/sysroot/lib]
    arg [-L/cms/bah165/anaconda3/envs/GSimulator/bin/../x86_64-conda-linux-gnu/sysroot/usr/lib] ==> dir [/cms/bah165/anaconda3/envs/GSimulator/bin/../x86_64-conda-linux-gnu/sysroot/usr/lib]
    arg [-rpath] ==> ignore
    arg [/cms/bah165/anaconda3/envs/GSimulator/lib] ==> ignore
    arg [-O2] ==> ignore
    arg [--sort-common] ==> ignore
    arg [--as-needed] ==> ignore
    arg [-zrelro] ==> ignore
    arg [-znow] ==> ignore
    arg [--disable-new-dtags] ==> ignore
    arg [--gc-sections] ==> ignore
    arg [-rpath] ==> ignore
    arg [/cms/bah165/anaconda3/envs/GSimulator/lib] ==> ignore
    arg [-rpath-link] ==> ignore
    arg [/cms/bah165/anaconda3/envs/GSimulator/lib] ==> ignore
    arg [CMakeFiles/cmTC_26cff.dir/CMakeCCompilerABI.c.o] ==> ignore
    arg [-lgcc] ==> lib [gcc]
    arg [--push-state] ==> ignore
    arg [--as-needed] ==> ignore
    arg [-lgcc_s] ==> lib [gcc_s]
    arg [--pop-state] ==> ignore
    arg [-lc] ==> lib [c]
    arg [-lgcc] ==> lib [gcc]
    arg [--push-state] ==> ignore
    arg [--as-needed] ==> ignore
    arg [-lgcc_s] ==> lib [gcc_s]
    arg [--pop-state] ==> ignore
    arg [/cms/bah165/anaconda3/envs/GSimulator/bin/../lib/gcc/x86_64-conda-linux-gnu/9.3.0/crtendS.o] ==> obj [/cms/bah165/anaconda3/envs/GSimulator/bin/../lib/gcc/x86_64-conda-linux-gnu/9.3.0/crtendS.o]
    arg [/cms/bah165/anaconda3/envs/GSimulator/bin/../x86_64-conda-linux-gnu/sysroot/usr/lib/../lib/crtn.o] ==> obj [/cms/bah165/anaconda3/envs/GSimulator/bin/../x86_64-conda-linux-gnu/sysroot/usr/lib/../lib/crtn.o]
  collapse obj [/cms/bah165/anaconda3/envs/GSimulator/bin/../x86_64-conda-linux-gnu/sysroot/usr/lib/../lib/Scrt1.o] ==> [/cms/bah165/anaconda3/envs/GSimulator/x86_64-conda-linux-gnu/sysroot/usr/lib/Scrt1.o]
  collapse obj [/cms/bah165/anaconda3/envs/GSimulator/bin/../x86_64-conda-linux-gnu/sysroot/usr/lib/../lib/crti.o] ==> [/cms/bah165/anaconda3/envs/GSimulator/x86_64-conda-linux-gnu/sysroot/usr/lib/crti.o]
  collapse obj [/cms/bah165/anaconda3/envs/GSimulator/bin/../lib/gcc/x86_64-conda-linux-gnu/9.3.0/crtbeginS.o] ==> [/cms/bah165/anaconda3/envs/GSimulator/lib/gcc/x86_64-conda-linux-gnu/9.3.0/crtbeginS.o]
  collapse obj [/cms/bah165/anaconda3/envs/GSimulator/bin/../lib/gcc/x86_64-conda-linux-gnu/9.3.0/crtendS.o] ==> [/cms/bah165/anaconda3/envs/GSimulator/lib/gcc/x86_64-conda-linux-gnu/9.3.0/crtendS.o]
  collapse obj [/cms/bah165/anaconda3/envs/GSimulator/bin/../x86_64-conda-linux-gnu/sysroot/usr/lib/../lib/crtn.o] ==> [/cms/bah165/anaconda3/envs/GSimulator/x86_64-conda-linux-gnu/sysroot/usr/lib/crtn.o]
  collapse library dir [/cms/bah165/anaconda3/envs/GSimulator/lib] ==> [/cms/bah165/anaconda3/envs/GSimulator/lib]
  collapse library dir [/cms/bah165/anaconda3/envs/GSimulator/bin/../lib/gcc/x86_64-conda-linux-gnu/9.3.0] ==> [/cms/bah165/anaconda3/envs/GSimulator/lib/gcc/x86_64-conda-linux-gnu/9.3.0]
  collapse library dir [/cms/bah165/anaconda3/envs/GSimulator/bin/../lib/gcc] ==> [/cms/bah165/anaconda3/envs/GSimulator/lib/gcc]
  collapse library dir [/cms/bah165/anaconda3/envs/GSimulator/bin/../lib/gcc/x86_64-conda-linux-gnu/9.3.0/../../../../x86_64-conda-linux-gnu/lib/../lib] ==> [/cms/bah165/anaconda3/envs/GSimulator/x86_64-conda-linux-gnu/lib]
  collapse library dir [/cms/bah165/anaconda3/envs/GSimulator/bin/../x86_64-conda-linux-gnu/sysroot/lib/../lib] ==> [/cms/bah165/anaconda3/envs/GSimulator/x86_64-conda-linux-gnu/sysroot/lib]
  collapse library dir [/cms/bah165/anaconda3/envs/GSimulator/bin/../x86_64-conda-linux-gnu/sysroot/usr/lib/../lib] ==> [/cms/bah165/anaconda3/envs/GSimulator/x86_64-conda-linux-gnu/sysroot/usr/lib]
  collapse library dir [/cms/bah165/anaconda3/envs/GSimulator/bin/../lib/gcc/x86_64-conda-linux-gnu/9.3.0/../../../../x86_64-conda-linux-gnu/lib] ==> [/cms/bah165/anaconda3/envs/GSimulator/x86_64-conda-linux-gnu/lib]
  collapse library dir [/cms/bah165/anaconda3/envs/GSimulator/bin/../x86_64-conda-linux-gnu/sysroot/lib] ==> [/cms/bah165/anaconda3/envs/GSimulator/x86_64-conda-linux-gnu/sysroot/lib]
  collapse library dir [/cms/bah165/anaconda3/envs/GSimulator/bin/../x86_64-conda-linux-gnu/sysroot/usr/lib] ==> [/cms/bah165/anaconda3/envs/GSimulator/x86_64-conda-linux-gnu/sysroot/usr/lib]
  implicit libs: [gcc;gcc_s;c;gcc;gcc_s]
  implicit objs: [/cms/bah165/anaconda3/envs/GSimulator/x86_64-conda-linux-gnu/sysroot/usr/lib/Scrt1.o;/cms/bah165/anaconda3/envs/GSimulator/x86_64-conda-linux-gnu/sysroot/usr/lib/crti.o;/cms/bah165/anaconda3/envs/GSimulator/lib/gcc/x86_64-conda-linux-gnu/9.3.0/crtbeginS.o;/cms/bah165/anaconda3/envs/GSimulator/lib/gcc/x86_64-conda-linux-gnu/9.3.0/crtendS.o;/cms/bah165/anaconda3/envs/GSimulator/x86_64-conda-linux-gnu/sysroot/usr/lib/crtn.o]
  implicit dirs: [/cms/bah165/anaconda3/envs/GSimulator/lib;/cms/bah165/anaconda3/envs/GSimulator/lib/gcc/x86_64-conda-linux-gnu/9.3.0;/cms/bah165/anaconda3/envs/GSimulator/lib/gcc;/cms/bah165/anaconda3/envs/GSimulator/x86_64-conda-linux-gnu/lib;/cms/bah165/anaconda3/envs/GSimulator/x86_64-conda-linux-gnu/sysroot/lib;/cms/bah165/anaconda3/envs/GSimulator/x86_64-conda-linux-gnu/sysroot/usr/lib]
  implicit fwks: []


Detecting CXX compiler ABI info compiled with the following output:
Change Dir: /cms/bah165/programs/AliCosmics/build/CMakeFiles/CMakeTmp

Run Build Command(s):/usr/bin/gmake -f Makefile cmTC_32933/fast && /usr/bin/gmake  -f CMakeFiles/cmTC_32933.dir/build.make CMakeFiles/cmTC_32933.dir/build
gmake[1]: Entering directory `/cms/bah165/programs/AliCosmics/build/CMakeFiles/CMakeTmp'
Building CXX object CMakeFiles/cmTC_32933.dir/CMakeCXXCompilerABI.cpp.o
/cms/bah165/anaconda3/envs/GSimulator/bin/x86_64-conda-linux-gnu-c++   -fvisibility-inlines-hidden -std=c++17 -fmessage-length=0 -march=nocona -mtune=haswell -ftree-vectorize -fPIC -fstack-protector-strong -fno-plt -O2 -ffunction-sections -pipe -isystem /cms/bah165/anaconda3/envs/GSimulator/include    -v -o CMakeFiles/cmTC_32933.dir/CMakeCXXCompilerABI.cpp.o -c /cms/bah165/anaconda3/envs/GSimulator/share/cmake-3.20/Modules/CMakeCXXCompilerABI.cpp
Reading specs from /cms/bah165/anaconda3/envs/GSimulator/bin/../lib/gcc/x86_64-conda-linux-gnu/9.3.0/specs
COLLECT_GCC=/cms/bah165/anaconda3/envs/GSimulator/bin/x86_64-conda-linux-gnu-c++
Target: x86_64-conda-linux-gnu
Configured with: /home/conda/feedstock_root/build_artifacts/ctng-compilers_1610729750655/work/.build/x86_64-conda-linux-gnu/src/gcc/configure --build=x86_64-build_pc-linux-gnu --host=x86_64-build_pc-linux-gnu --target=x86_64-conda-linux-gnu --prefix=/home/conda/feedstock_root/build_artifacts/ctng-compilers_1610729750655/work/gcc_built --with-sysroot=/home/conda/feedstock_root/build_artifacts/ctng-compilers_1610729750655/work/gcc_built/x86_64-conda-linux-gnu/sysroot --enable-languages=c,c++,fortran,objc,obj-c++ --with-pkgversion='crosstool-NG 1.24.0.133_b0863d8_dirty' --enable-__cxa_atexit --disable-libmudflap --enable-libgomp --disable-libssp --enable-libquadmath --enable-libquadmath-support --enable-libsanitizer --enable-libmpx --with-gmp=/home/conda/feedstock_root/build_artifacts/ctng-compilers_1610729750655/work/.build/x86_64-conda-linux-gnu/buildtools --with-mpfr=/home/conda/feedstock_root/build_artifacts/ctng-compilers_1610729750655/work/.build/x86_64-conda-linux-gnu/buildtools --with-mpc=/home/conda/feedstock_root/build_artifacts/ctng-compilers_1610729750655/work/.build/x86_64-conda-linux-gnu/buildtools --with-isl=/home/conda/feedstock_root/build_artifacts/ctng-compilers_1610729750655/work/.build/x86_64-conda-linux-gnu/buildtools --enable-lto --enable-threads=posix --enable-target-optspace --enable-plugin --enable-gold --disable-nls --disable-multilib --with-local-prefix=/home/conda/feedstock_root/build_artifacts/ctng-compilers_1610729750655/work/gcc_built/x86_64-conda-linux-gnu/sysroot --enable-long-long --enable-default-pie
Thread model: posix
gcc version 9.3.0 (crosstool-NG 1.24.0.133_b0863d8_dirty) 
COLLECT_GCC_OPTIONS='-fvisibility-inlines-hidden' '-std=c++17' '-fmessage-length=0' '-march=nocona' '-mtune=haswell' '-ftree-vectorize' '-fPIC' '-fstack-protector-strong' '-fno-plt' '-O2' '-ffunction-sections' '-pipe' '-isystem' '/cms/bah165/anaconda3/envs/GSimulator/include' '-v' '-o' 'CMakeFiles/cmTC_32933.dir/CMakeCXXCompilerABI.cpp.o' '-c' '-shared-libgcc'
 /cms/bah165/anaconda3/envs/GSimulator/bin/../libexec/gcc/x86_64-conda-linux-gnu/9.3.0/cc1plus -quiet -v -iprefix /cms/bah165/anaconda3/envs/GSimulator/bin/../lib/gcc/x86_64-conda-linux-gnu/9.3.0/ -isysroot /cms/bah165/anaconda3/envs/GSimulator/bin/../x86_64-conda-linux-gnu/sysroot -D_GNU_SOURCE -isystem /cms/bah165/anaconda3/envs/GSimulator/include /cms/bah165/anaconda3/envs/GSimulator/share/cmake-3.20/Modules/CMakeCXXCompilerABI.cpp -quiet -dumpbase CMakeCXXCompilerABI.cpp -march=nocona -mtune=haswell -auxbase-strip CMakeFiles/cmTC_32933.dir/CMakeCXXCompilerABI.cpp.o -O2 -std=c++17 -version -fvisibility-inlines-hidden -fmessage-length=0 -ftree-vectorize -fPIC -fstack-protector-strong -fno-plt -ffunction-sections -o - |
 /cms/bah165/anaconda3/envs/GSimulator/bin/../lib/gcc/x86_64-conda-linux-gnu/9.3.0/../../../../x86_64-conda-linux-gnu/bin/as -v --64 -o CMakeFiles/cmTC_32933.dir/CMakeCXXCompilerABI.cpp.o
GNU assembler version 2.35.1 (x86_64-conda-linux-gnu) using BFD version (GNU Binutils) 2.35.1
GNU C++17 (crosstool-NG 1.24.0.133_b0863d8_dirty) version 9.3.0 (x86_64-conda-linux-gnu)
	compiled by GNU C version 4.4.7 20120313 (Red Hat 4.4.7-23), GMP version 6.2.0, MPFR version 4.0.2, MPC version 1.1.0, isl version isl-0.22-GMP

GGC heuristics: --param ggc-min-expand=100 --param ggc-min-heapsize=131072
ignoring duplicate directory "/cms/bah165/anaconda3/envs/GSimulator/bin/../lib/gcc/../../lib/gcc/x86_64-conda-linux-gnu/9.3.0/../../../../x86_64-conda-linux-gnu/include/c++/9.3.0"
ignoring duplicate directory "/cms/bah165/anaconda3/envs/GSimulator/bin/../lib/gcc/../../lib/gcc/x86_64-conda-linux-gnu/9.3.0/../../../../x86_64-conda-linux-gnu/include/c++/9.3.0/x86_64-conda-linux-gnu"
ignoring duplicate directory "/cms/bah165/anaconda3/envs/GSimulator/bin/../lib/gcc/../../lib/gcc/x86_64-conda-linux-gnu/9.3.0/../../../../x86_64-conda-linux-gnu/include/c++/9.3.0/backward"
ignoring duplicate directory "/cms/bah165/anaconda3/envs/GSimulator/bin/../lib/gcc/../../lib/gcc/x86_64-conda-linux-gnu/9.3.0/include"
ignoring nonexistent directory "/cms/bah165/anaconda3/envs/GSimulator/bin/../x86_64-conda-linux-gnu/sysroot/home/conda/feedstock_root/build_artifacts/ctng-compilers_1610729750655/work/gcc_built/x86_64-conda-linux-gnu/sysroot/include"
ignoring duplicate directory "/cms/bah165/anaconda3/envs/GSimulator/bin/../lib/gcc/../../lib/gcc/x86_64-conda-linux-gnu/9.3.0/include-fixed"
ignoring duplicate directory "/cms/bah165/anaconda3/envs/GSimulator/bin/../lib/gcc/../../lib/gcc/x86_64-conda-linux-gnu/9.3.0/../../../../x86_64-conda-linux-gnu/include"
#include "..." search starts here:
#include <...> search starts here:
 /cms/bah165/anaconda3/envs/GSimulator/include
 /cms/bah165/anaconda3/envs/GSimulator/bin/../lib/gcc/x86_64-conda-linux-gnu/9.3.0/../../../../x86_64-conda-linux-gnu/include/c++/9.3.0
 /cms/bah165/anaconda3/envs/GSimulator/bin/../lib/gcc/x86_64-conda-linux-gnu/9.3.0/../../../../x86_64-conda-linux-gnu/include/c++/9.3.0/x86_64-conda-linux-gnu
 /cms/bah165/anaconda3/envs/GSimulator/bin/../lib/gcc/x86_64-conda-linux-gnu/9.3.0/../../../../x86_64-conda-linux-gnu/include/c++/9.3.0/backward
 /cms/bah165/anaconda3/envs/GSimulator/bin/../lib/gcc/x86_64-conda-linux-gnu/9.3.0/include
 /cms/bah165/anaconda3/envs/GSimulator/bin/../lib/gcc/x86_64-conda-linux-gnu/9.3.0/include-fixed
 /cms/bah165/anaconda3/envs/GSimulator/bin/../lib/gcc/x86_64-conda-linux-gnu/9.3.0/../../../../x86_64-conda-linux-gnu/include
 /cms/bah165/anaconda3/envs/GSimulator/bin/../x86_64-conda-linux-gnu/sysroot/usr/include
End of search list.
GNU C++17 (crosstool-NG 1.24.0.133_b0863d8_dirty) version 9.3.0 (x86_64-conda-linux-gnu)
	compiled by GNU C version 4.4.7 20120313 (Red Hat 4.4.7-23), GMP version 6.2.0, MPFR version 4.0.2, MPC version 1.1.0, isl version isl-0.22-GMP

GGC heuristics: --param ggc-min-expand=100 --param ggc-min-heapsize=131072
Compiler executable checksum: 09853099062e39c9d02019595ce427e6
COMPILER_PATH=/cms/bah165/anaconda3/envs/GSimulator/bin/../libexec/gcc/x86_64-conda-linux-gnu/9.3.0/:/cms/bah165/anaconda3/envs/GSimulator/bin/../libexec/gcc/:/cms/bah165/anaconda3/envs/GSimulator/bin/../lib/gcc/x86_64-conda-linux-gnu/9.3.0/../../../../x86_64-conda-linux-gnu/bin/
LIBRARY_PATH=/cms/bah165/anaconda3/envs/GSimulator/bin/../lib/gcc/x86_64-conda-linux-gnu/9.3.0/:/cms/bah165/anaconda3/envs/GSimulator/bin/../lib/gcc/:/cms/bah165/anaconda3/envs/GSimulator/bin/../lib/gcc/x86_64-conda-linux-gnu/9.3.0/../../../../x86_64-conda-linux-gnu/lib/../lib/:/cms/bah165/anaconda3/envs/GSimulator/bin/../x86_64-conda-linux-gnu/sysroot/lib/../lib/:/cms/bah165/anaconda3/envs/GSimulator/bin/../x86_64-conda-linux-gnu/sysroot/usr/lib/../lib/:/cms/bah165/anaconda3/envs/GSimulator/bin/../lib/gcc/x86_64-conda-linux-gnu/9.3.0/../../../../x86_64-conda-linux-gnu/lib/:/cms/bah165/anaconda3/envs/GSimulator/bin/../x86_64-conda-linux-gnu/sysroot/lib/:/cms/bah165/anaconda3/envs/GSimulator/bin/../x86_64-conda-linux-gnu/sysroot/usr/lib/
COLLECT_GCC_OPTIONS='-fvisibility-inlines-hidden' '-std=c++17' '-fmessage-length=0' '-march=nocona' '-mtune=haswell' '-ftree-vectorize' '-fPIC' '-fstack-protector-strong' '-fno-plt' '-O2' '-ffunction-sections' '-pipe' '-isystem' '/cms/bah165/anaconda3/envs/GSimulator/include' '-v' '-o' 'CMakeFiles/cmTC_32933.dir/CMakeCXXCompilerABI.cpp.o' '-c' '-shared-libgcc'
Linking CXX executable cmTC_32933
/cms/bah165/anaconda3/envs/GSimulator/bin/cmake -E cmake_link_script CMakeFiles/cmTC_32933.dir/link.txt --verbose=1
/cms/bah165/anaconda3/envs/GSimulator/bin/x86_64-conda-linux-gnu-c++ -fvisibility-inlines-hidden -std=c++17 -fmessage-length=0 -march=nocona -mtune=haswell -ftree-vectorize -fPIC -fstack-protector-strong -fno-plt -O2 -ffunction-sections -pipe -isystem /cms/bah165/anaconda3/envs/GSimulator/include  -Wl,-O2 -Wl,--sort-common -Wl,--as-needed -Wl,-z,relro -Wl,-z,now -Wl,--disable-new-dtags -Wl,--gc-sections -Wl,-rpath,/cms/bah165/anaconda3/envs/GSimulator/lib -Wl,-rpath-link,/cms/bah165/anaconda3/envs/GSimulator/lib -L/cms/bah165/anaconda3/envs/GSimulator/lib -v CMakeFiles/cmTC_32933.dir/CMakeCXXCompilerABI.cpp.o -o cmTC_32933 
Reading specs from /cms/bah165/anaconda3/envs/GSimulator/bin/../lib/gcc/x86_64-conda-linux-gnu/9.3.0/specs
COLLECT_GCC=/cms/bah165/anaconda3/envs/GSimulator/bin/x86_64-conda-linux-gnu-c++
COLLECT_LTO_WRAPPER=/cms/bah165/anaconda3/envs/GSimulator/bin/../libexec/gcc/x86_64-conda-linux-gnu/9.3.0/lto-wrapper
Target: x86_64-conda-linux-gnu
Configured with: /home/conda/feedstock_root/build_artifacts/ctng-compilers_1610729750655/work/.build/x86_64-conda-linux-gnu/src/gcc/configure --build=x86_64-build_pc-linux-gnu --host=x86_64-build_pc-linux-gnu --target=x86_64-conda-linux-gnu --prefix=/home/conda/feedstock_root/build_artifacts/ctng-compilers_1610729750655/work/gcc_built --with-sysroot=/home/conda/feedstock_root/build_artifacts/ctng-compilers_1610729750655/work/gcc_built/x86_64-conda-linux-gnu/sysroot --enable-languages=c,c++,fortran,objc,obj-c++ --with-pkgversion='crosstool-NG 1.24.0.133_b0863d8_dirty' --enable-__cxa_atexit --disable-libmudflap --enable-libgomp --disable-libssp --enable-libquadmath --enable-libquadmath-support --enable-libsanitizer --enable-libmpx --with-gmp=/home/conda/feedstock_root/build_artifacts/ctng-compilers_1610729750655/work/.build/x86_64-conda-linux-gnu/buildtools --with-mpfr=/home/conda/feedstock_root/build_artifacts/ctng-compilers_1610729750655/work/.build/x86_64-conda-linux-gnu/buildtools --with-mpc=/home/conda/feedstock_root/build_artifacts/ctng-compilers_1610729750655/work/.build/x86_64-conda-linux-gnu/buildtools --with-isl=/home/conda/feedstock_root/build_artifacts/ctng-compilers_1610729750655/work/.build/x86_64-conda-linux-gnu/buildtools --enable-lto --enable-threads=posix --enable-target-optspace --enable-plugin --enable-gold --disable-nls --disable-multilib --with-local-prefix=/home/conda/feedstock_root/build_artifacts/ctng-compilers_1610729750655/work/gcc_built/x86_64-conda-linux-gnu/sysroot --enable-long-long --enable-default-pie
Thread model: posix
gcc version 9.3.0 (crosstool-NG 1.24.0.133_b0863d8_dirty) 
COMPILER_PATH=/cms/bah165/anaconda3/envs/GSimulator/bin/../libexec/gcc/x86_64-conda-linux-gnu/9.3.0/:/cms/bah165/anaconda3/envs/GSimulator/bin/../libexec/gcc/:/cms/bah165/anaconda3/envs/GSimulator/bin/../lib/gcc/x86_64-conda-linux-gnu/9.3.0/../../../../x86_64-conda-linux-gnu/bin/
LIBRARY_PATH=/cms/bah165/anaconda3/envs/GSimulator/bin/../lib/gcc/x86_64-conda-linux-gnu/9.3.0/:/cms/bah165/anaconda3/envs/GSimulator/bin/../lib/gcc/:/cms/bah165/anaconda3/envs/GSimulator/bin/../lib/gcc/x86_64-conda-linux-gnu/9.3.0/../../../../x86_64-conda-linux-gnu/lib/../lib/:/cms/bah165/anaconda3/envs/GSimulator/bin/../x86_64-conda-linux-gnu/sysroot/lib/../lib/:/cms/bah165/anaconda3/envs/GSimulator/bin/../x86_64-conda-linux-gnu/sysroot/usr/lib/../lib/:/cms/bah165/anaconda3/envs/GSimulator/bin/../lib/gcc/x86_64-conda-linux-gnu/9.3.0/../../../../x86_64-conda-linux-gnu/lib/:/cms/bah165/anaconda3/envs/GSimulator/bin/../x86_64-conda-linux-gnu/sysroot/lib/:/cms/bah165/anaconda3/envs/GSimulator/bin/../x86_64-conda-linux-gnu/sysroot/usr/lib/
COLLECT_GCC_OPTIONS='-fvisibility-inlines-hidden' '-std=c++17' '-fmessage-length=0' '-march=nocona' '-mtune=haswell' '-ftree-vectorize' '-fPIC' '-fstack-protector-strong' '-fno-plt' '-O2' '-ffunction-sections' '-pipe' '-isystem' '/cms/bah165/anaconda3/envs/GSimulator/include' '-L/cms/bah165/anaconda3/envs/GSimulator/lib' '-v' '-o' 'cmTC_32933' '-shared-libgcc'
 /cms/bah165/anaconda3/envs/GSimulator/bin/../libexec/gcc/x86_64-conda-linux-gnu/9.3.0/collect2 -plugin /cms/bah165/anaconda3/envs/GSimulator/bin/../libexec/gcc/x86_64-conda-linux-gnu/9.3.0/liblto_plugin.so -plugin-opt=/cms/bah165/anaconda3/envs/GSimulator/bin/../libexec/gcc/x86_64-conda-linux-gnu/9.3.0/lto-wrapper -plugin-opt=-fresolution=/tmp/cc1TFjPh.res -plugin-opt=-pass-through=-lgcc_s -plugin-opt=-pass-through=-lgcc -plugin-opt=-pass-through=-lc -plugin-opt=-pass-through=-lgcc_s -plugin-opt=-pass-through=-lgcc --sysroot=/cms/bah165/anaconda3/envs/GSimulator/bin/../x86_64-conda-linux-gnu/sysroot --eh-frame-hdr -m elf_x86_64 -dynamic-linker /lib64/ld-linux-x86-64.so.2 -pie -o cmTC_32933 /cms/bah165/anaconda3/envs/GSimulator/bin/../x86_64-conda-linux-gnu/sysroot/usr/lib/../lib/Scrt1.o /cms/bah165/anaconda3/envs/GSimulator/bin/../x86_64-conda-linux-gnu/sysroot/usr/lib/../lib/crti.o /cms/bah165/anaconda3/envs/GSimulator/bin/../lib/gcc/x86_64-conda-linux-gnu/9.3.0/crtbeginS.o -L/cms/bah165/anaconda3/envs/GSimulator/lib -L/cms/bah165/anaconda3/envs/GSimulator/bin/../lib/gcc/x86_64-conda-linux-gnu/9.3.0 -L/cms/bah165/anaconda3/envs/GSimulator/bin/../lib/gcc -L/cms/bah165/anaconda3/envs/GSimulator/bin/../lib/gcc/x86_64-conda-linux-gnu/9.3.0/../../../../x86_64-conda-linux-gnu/lib/../lib -L/cms/bah165/anaconda3/envs/GSimulator/bin/../x86_64-conda-linux-gnu/sysroot/lib/../lib -L/cms/bah165/anaconda3/envs/GSimulator/bin/../x86_64-conda-linux-gnu/sysroot/usr/lib/../lib -L/cms/bah165/anaconda3/envs/GSimulator/bin/../lib/gcc/x86_64-conda-linux-gnu/9.3.0/../../../../x86_64-conda-linux-gnu/lib -L/cms/bah165/anaconda3/envs/GSimulator/bin/../x86_64-conda-linux-gnu/sysroot/lib -L/cms/bah165/anaconda3/envs/GSimulator/bin/../x86_64-conda-linux-gnu/sysroot/usr/lib -rpath /cms/bah165/anaconda3/envs/GSimulator/lib -O2 --sort-common --as-needed -z relro -z now --disable-new-dtags --gc-sections -rpath /cms/bah165/anaconda3/envs/GSimulator/lib -rpath-link /cms/bah165/anaconda3/envs/GSimulator/lib CMakeFiles/cmTC_32933.dir/CMakeCXXCompilerABI.cpp.o -lstdc++ -lm -lgcc_s -lgcc -lc -lgcc_s -lgcc /cms/bah165/anaconda3/envs/GSimulator/bin/../lib/gcc/x86_64-conda-linux-gnu/9.3.0/crtendS.o /cms/bah165/anaconda3/envs/GSimulator/bin/../x86_64-conda-linux-gnu/sysroot/usr/lib/../lib/crtn.o
COLLECT_GCC_OPTIONS='-fvisibility-inlines-hidden' '-std=c++17' '-fmessage-length=0' '-march=nocona' '-mtune=haswell' '-ftree-vectorize' '-fPIC' '-fstack-protector-strong' '-fno-plt' '-O2' '-ffunction-sections' '-pipe' '-isystem' '/cms/bah165/anaconda3/envs/GSimulator/include' '-L/cms/bah165/anaconda3/envs/GSimulator/lib' '-v' '-o' 'cmTC_32933' '-shared-libgcc'
gmake[1]: Leaving directory `/cms/bah165/programs/AliCosmics/build/CMakeFiles/CMakeTmp'



Parsed CXX implicit include dir info from above output: rv=done
  found start of include info
  found start of implicit include info
    add: [/cms/bah165/anaconda3/envs/GSimulator/include]
    add: [/cms/bah165/anaconda3/envs/GSimulator/bin/../lib/gcc/x86_64-conda-linux-gnu/9.3.0/../../../../x86_64-conda-linux-gnu/include/c++/9.3.0]
    add: [/cms/bah165/anaconda3/envs/GSimulator/bin/../lib/gcc/x86_64-conda-linux-gnu/9.3.0/../../../../x86_64-conda-linux-gnu/include/c++/9.3.0/x86_64-conda-linux-gnu]
    add: [/cms/bah165/anaconda3/envs/GSimulator/bin/../lib/gcc/x86_64-conda-linux-gnu/9.3.0/../../../../x86_64-conda-linux-gnu/include/c++/9.3.0/backward]
    add: [/cms/bah165/anaconda3/envs/GSimulator/bin/../lib/gcc/x86_64-conda-linux-gnu/9.3.0/include]
    add: [/cms/bah165/anaconda3/envs/GSimulator/bin/../lib/gcc/x86_64-conda-linux-gnu/9.3.0/include-fixed]
    add: [/cms/bah165/anaconda3/envs/GSimulator/bin/../lib/gcc/x86_64-conda-linux-gnu/9.3.0/../../../../x86_64-conda-linux-gnu/include]
    add: [/cms/bah165/anaconda3/envs/GSimulator/bin/../x86_64-conda-linux-gnu/sysroot/usr/include]
  end of search list found
  collapse include dir [/cms/bah165/anaconda3/envs/GSimulator/include] ==> [/cms/bah165/anaconda3/envs/GSimulator/include]
  collapse include dir [/cms/bah165/anaconda3/envs/GSimulator/bin/../lib/gcc/x86_64-conda-linux-gnu/9.3.0/../../../../x86_64-conda-linux-gnu/include/c++/9.3.0] ==> [/cms/bah165/anaconda3/envs/GSimulator/x86_64-conda-linux-gnu/include/c++/9.3.0]
  collapse include dir [/cms/bah165/anaconda3/envs/GSimulator/bin/../lib/gcc/x86_64-conda-linux-gnu/9.3.0/../../../../x86_64-conda-linux-gnu/include/c++/9.3.0/x86_64-conda-linux-gnu] ==> [/cms/bah165/anaconda3/envs/GSimulator/x86_64-conda-linux-gnu/include/c++/9.3.0/x86_64-conda-linux-gnu]
  collapse include dir [/cms/bah165/anaconda3/envs/GSimulator/bin/../lib/gcc/x86_64-conda-linux-gnu/9.3.0/../../../../x86_64-conda-linux-gnu/include/c++/9.3.0/backward] ==> [/cms/bah165/anaconda3/envs/GSimulator/x86_64-conda-linux-gnu/include/c++/9.3.0/backward]
  collapse include dir [/cms/bah165/anaconda3/envs/GSimulator/bin/../lib/gcc/x86_64-conda-linux-gnu/9.3.0/include] ==> [/cms/bah165/anaconda3/envs/GSimulator/lib/gcc/x86_64-conda-linux-gnu/9.3.0/include]
  collapse include dir [/cms/bah165/anaconda3/envs/GSimulator/bin/../lib/gcc/x86_64-conda-linux-gnu/9.3.0/include-fixed] ==> [/cms/bah165/anaconda3/envs/GSimulator/lib/gcc/x86_64-conda-linux-gnu/9.3.0/include-fixed]
  collapse include dir [/cms/bah165/anaconda3/envs/GSimulator/bin/../lib/gcc/x86_64-conda-linux-gnu/9.3.0/../../../../x86_64-conda-linux-gnu/include] ==> [/cms/bah165/anaconda3/envs/GSimulator/x86_64-conda-linux-gnu/include]
  collapse include dir [/cms/bah165/anaconda3/envs/GSimulator/bin/../x86_64-conda-linux-gnu/sysroot/usr/include] ==> [/cms/bah165/anaconda3/envs/GSimulator/x86_64-conda-linux-gnu/sysroot/usr/include]
  implicit include dirs: [/cms/bah165/anaconda3/envs/GSimulator/include;/cms/bah165/anaconda3/envs/GSimulator/x86_64-conda-linux-gnu/include/c++/9.3.0;/cms/bah165/anaconda3/envs/GSimulator/x86_64-conda-linux-gnu/include/c++/9.3.0/x86_64-conda-linux-gnu;/cms/bah165/anaconda3/envs/GSimulator/x86_64-conda-linux-gnu/include/c++/9.3.0/backward;/cms/bah165/anaconda3/envs/GSimulator/lib/gcc/x86_64-conda-linux-gnu/9.3.0/include;/cms/bah165/anaconda3/envs/GSimulator/lib/gcc/x86_64-conda-linux-gnu/9.3.0/include-fixed;/cms/bah165/anaconda3/envs/GSimulator/x86_64-conda-linux-gnu/include;/cms/bah165/anaconda3/envs/GSimulator/x86_64-conda-linux-gnu/sysroot/usr/include]


Parsed CXX implicit link information from above output:
  link line regex: [^( *|.*[/\])(x86_64-conda-linux-gnu-ld|CMAKE_LINK_STARTFILE-NOTFOUND|([^/\]+-)?ld|collect2)[^/\]*( |$)]
  ignore line: [Change Dir: /cms/bah165/programs/AliCosmics/build/CMakeFiles/CMakeTmp]
  ignore line: []
  ignore line: [Run Build Command(s):/usr/bin/gmake -f Makefile cmTC_32933/fast && /usr/bin/gmake  -f CMakeFiles/cmTC_32933.dir/build.make CMakeFiles/cmTC_32933.dir/build]
  ignore line: [gmake[1]: Entering directory `/cms/bah165/programs/AliCosmics/build/CMakeFiles/CMakeTmp']
  ignore line: [Building CXX object CMakeFiles/cmTC_32933.dir/CMakeCXXCompilerABI.cpp.o]
  ignore line: [/cms/bah165/anaconda3/envs/GSimulator/bin/x86_64-conda-linux-gnu-c++   -fvisibility-inlines-hidden -std=c++17 -fmessage-length=0 -march=nocona -mtune=haswell -ftree-vectorize -fPIC -fstack-protector-strong -fno-plt -O2 -ffunction-sections -pipe -isystem /cms/bah165/anaconda3/envs/GSimulator/include    -v -o CMakeFiles/cmTC_32933.dir/CMakeCXXCompilerABI.cpp.o -c /cms/bah165/anaconda3/envs/GSimulator/share/cmake-3.20/Modules/CMakeCXXCompilerABI.cpp]
  ignore line: [Reading specs from /cms/bah165/anaconda3/envs/GSimulator/bin/../lib/gcc/x86_64-conda-linux-gnu/9.3.0/specs]
  ignore line: [COLLECT_GCC=/cms/bah165/anaconda3/envs/GSimulator/bin/x86_64-conda-linux-gnu-c++]
  ignore line: [Target: x86_64-conda-linux-gnu]
  ignore line: [Configured with: /home/conda/feedstock_root/build_artifacts/ctng-compilers_1610729750655/work/.build/x86_64-conda-linux-gnu/src/gcc/configure --build=x86_64-build_pc-linux-gnu --host=x86_64-build_pc-linux-gnu --target=x86_64-conda-linux-gnu --prefix=/home/conda/feedstock_root/build_artifacts/ctng-compilers_1610729750655/work/gcc_built --with-sysroot=/home/conda/feedstock_root/build_artifacts/ctng-compilers_1610729750655/work/gcc_built/x86_64-conda-linux-gnu/sysroot --enable-languages=c c++ fortran objc obj-c++ --with-pkgversion='crosstool-NG 1.24.0.133_b0863d8_dirty' --enable-__cxa_atexit --disable-libmudflap --enable-libgomp --disable-libssp --enable-libquadmath --enable-libquadmath-support --enable-libsanitizer --enable-libmpx --with-gmp=/home/conda/feedstock_root/build_artifacts/ctng-compilers_1610729750655/work/.build/x86_64-conda-linux-gnu/buildtools --with-mpfr=/home/conda/feedstock_root/build_artifacts/ctng-compilers_1610729750655/work/.build/x86_64-conda-linux-gnu/buildtools --with-mpc=/home/conda/feedstock_root/build_artifacts/ctng-compilers_1610729750655/work/.build/x86_64-conda-linux-gnu/buildtools --with-isl=/home/conda/feedstock_root/build_artifacts/ctng-compilers_1610729750655/work/.build/x86_64-conda-linux-gnu/buildtools --enable-lto --enable-threads=posix --enable-target-optspace --enable-plugin --enable-gold --disable-nls --disable-multilib --with-local-prefix=/home/conda/feedstock_root/build_artifacts/ctng-compilers_1610729750655/work/gcc_built/x86_64-conda-linux-gnu/sysroot --enable-long-long --enable-default-pie]
  ignore line: [Thread model: posix]
  ignore line: [gcc version 9.3.0 (crosstool-NG 1.24.0.133_b0863d8_dirty) ]
  ignore line: [COLLECT_GCC_OPTIONS='-fvisibility-inlines-hidden' '-std=c++17' '-fmessage-length=0' '-march=nocona' '-mtune=haswell' '-ftree-vectorize' '-fPIC' '-fstack-protector-strong' '-fno-plt' '-O2' '-ffunction-sections' '-pipe' '-isystem' '/cms/bah165/anaconda3/envs/GSimulator/include' '-v' '-o' 'CMakeFiles/cmTC_32933.dir/CMakeCXXCompilerABI.cpp.o' '-c' '-shared-libgcc']
  ignore line: [ /cms/bah165/anaconda3/envs/GSimulator/bin/../libexec/gcc/x86_64-conda-linux-gnu/9.3.0/cc1plus -quiet -v -iprefix /cms/bah165/anaconda3/envs/GSimulator/bin/../lib/gcc/x86_64-conda-linux-gnu/9.3.0/ -isysroot /cms/bah165/anaconda3/envs/GSimulator/bin/../x86_64-conda-linux-gnu/sysroot -D_GNU_SOURCE -isystem /cms/bah165/anaconda3/envs/GSimulator/include /cms/bah165/anaconda3/envs/GSimulator/share/cmake-3.20/Modules/CMakeCXXCompilerABI.cpp -quiet -dumpbase CMakeCXXCompilerABI.cpp -march=nocona -mtune=haswell -auxbase-strip CMakeFiles/cmTC_32933.dir/CMakeCXXCompilerABI.cpp.o -O2 -std=c++17 -version -fvisibility-inlines-hidden -fmessage-length=0 -ftree-vectorize -fPIC -fstack-protector-strong -fno-plt -ffunction-sections -o - |]
  ignore line: [ /cms/bah165/anaconda3/envs/GSimulator/bin/../lib/gcc/x86_64-conda-linux-gnu/9.3.0/../../../../x86_64-conda-linux-gnu/bin/as -v --64 -o CMakeFiles/cmTC_32933.dir/CMakeCXXCompilerABI.cpp.o]
  ignore line: [GNU assembler version 2.35.1 (x86_64-conda-linux-gnu) using BFD version (GNU Binutils) 2.35.1]
  ignore line: [GNU C++17 (crosstool-NG 1.24.0.133_b0863d8_dirty) version 9.3.0 (x86_64-conda-linux-gnu)]
  ignore line: [	compiled by GNU C version 4.4.7 20120313 (Red Hat 4.4.7-23)  GMP version 6.2.0  MPFR version 4.0.2  MPC version 1.1.0  isl version isl-0.22-GMP]
  ignore line: []
  ignore line: [GGC heuristics: --param ggc-min-expand=100 --param ggc-min-heapsize=131072]
  ignore line: [ignoring duplicate directory "/cms/bah165/anaconda3/envs/GSimulator/bin/../lib/gcc/../../lib/gcc/x86_64-conda-linux-gnu/9.3.0/../../../../x86_64-conda-linux-gnu/include/c++/9.3.0"]
  ignore line: [ignoring duplicate directory "/cms/bah165/anaconda3/envs/GSimulator/bin/../lib/gcc/../../lib/gcc/x86_64-conda-linux-gnu/9.3.0/../../../../x86_64-conda-linux-gnu/include/c++/9.3.0/x86_64-conda-linux-gnu"]
  ignore line: [ignoring duplicate directory "/cms/bah165/anaconda3/envs/GSimulator/bin/../lib/gcc/../../lib/gcc/x86_64-conda-linux-gnu/9.3.0/../../../../x86_64-conda-linux-gnu/include/c++/9.3.0/backward"]
  ignore line: [ignoring duplicate directory "/cms/bah165/anaconda3/envs/GSimulator/bin/../lib/gcc/../../lib/gcc/x86_64-conda-linux-gnu/9.3.0/include"]
  ignore line: [ignoring nonexistent directory "/cms/bah165/anaconda3/envs/GSimulator/bin/../x86_64-conda-linux-gnu/sysroot/home/conda/feedstock_root/build_artifacts/ctng-compilers_1610729750655/work/gcc_built/x86_64-conda-linux-gnu/sysroot/include"]
  ignore line: [ignoring duplicate directory "/cms/bah165/anaconda3/envs/GSimulator/bin/../lib/gcc/../../lib/gcc/x86_64-conda-linux-gnu/9.3.0/include-fixed"]
  ignore line: [ignoring duplicate directory "/cms/bah165/anaconda3/envs/GSimulator/bin/../lib/gcc/../../lib/gcc/x86_64-conda-linux-gnu/9.3.0/../../../../x86_64-conda-linux-gnu/include"]
  ignore line: [#include "..." search starts here:]
  ignore line: [#include <...> search starts here:]
  ignore line: [ /cms/bah165/anaconda3/envs/GSimulator/include]
  ignore line: [ /cms/bah165/anaconda3/envs/GSimulator/bin/../lib/gcc/x86_64-conda-linux-gnu/9.3.0/../../../../x86_64-conda-linux-gnu/include/c++/9.3.0]
  ignore line: [ /cms/bah165/anaconda3/envs/GSimulator/bin/../lib/gcc/x86_64-conda-linux-gnu/9.3.0/../../../../x86_64-conda-linux-gnu/include/c++/9.3.0/x86_64-conda-linux-gnu]
  ignore line: [ /cms/bah165/anaconda3/envs/GSimulator/bin/../lib/gcc/x86_64-conda-linux-gnu/9.3.0/../../../../x86_64-conda-linux-gnu/include/c++/9.3.0/backward]
  ignore line: [ /cms/bah165/anaconda3/envs/GSimulator/bin/../lib/gcc/x86_64-conda-linux-gnu/9.3.0/include]
  ignore line: [ /cms/bah165/anaconda3/envs/GSimulator/bin/../lib/gcc/x86_64-conda-linux-gnu/9.3.0/include-fixed]
  ignore line: [ /cms/bah165/anaconda3/envs/GSimulator/bin/../lib/gcc/x86_64-conda-linux-gnu/9.3.0/../../../../x86_64-conda-linux-gnu/include]
  ignore line: [ /cms/bah165/anaconda3/envs/GSimulator/bin/../x86_64-conda-linux-gnu/sysroot/usr/include]
  ignore line: [End of search list.]
  ignore line: [GNU C++17 (crosstool-NG 1.24.0.133_b0863d8_dirty) version 9.3.0 (x86_64-conda-linux-gnu)]
  ignore line: [	compiled by GNU C version 4.4.7 20120313 (Red Hat 4.4.7-23)  GMP version 6.2.0  MPFR version 4.0.2  MPC version 1.1.0  isl version isl-0.22-GMP]
  ignore line: []
  ignore line: [GGC heuristics: --param ggc-min-expand=100 --param ggc-min-heapsize=131072]
  ignore line: [Compiler executable checksum: 09853099062e39c9d02019595ce427e6]
  ignore line: [COMPILER_PATH=/cms/bah165/anaconda3/envs/GSimulator/bin/../libexec/gcc/x86_64-conda-linux-gnu/9.3.0/:/cms/bah165/anaconda3/envs/GSimulator/bin/../libexec/gcc/:/cms/bah165/anaconda3/envs/GSimulator/bin/../lib/gcc/x86_64-conda-linux-gnu/9.3.0/../../../../x86_64-conda-linux-gnu/bin/]
  ignore line: [LIBRARY_PATH=/cms/bah165/anaconda3/envs/GSimulator/bin/../lib/gcc/x86_64-conda-linux-gnu/9.3.0/:/cms/bah165/anaconda3/envs/GSimulator/bin/../lib/gcc/:/cms/bah165/anaconda3/envs/GSimulator/bin/../lib/gcc/x86_64-conda-linux-gnu/9.3.0/../../../../x86_64-conda-linux-gnu/lib/../lib/:/cms/bah165/anaconda3/envs/GSimulator/bin/../x86_64-conda-linux-gnu/sysroot/lib/../lib/:/cms/bah165/anaconda3/envs/GSimulator/bin/../x86_64-conda-linux-gnu/sysroot/usr/lib/../lib/:/cms/bah165/anaconda3/envs/GSimulator/bin/../lib/gcc/x86_64-conda-linux-gnu/9.3.0/../../../../x86_64-conda-linux-gnu/lib/:/cms/bah165/anaconda3/envs/GSimulator/bin/../x86_64-conda-linux-gnu/sysroot/lib/:/cms/bah165/anaconda3/envs/GSimulator/bin/../x86_64-conda-linux-gnu/sysroot/usr/lib/]
  ignore line: [COLLECT_GCC_OPTIONS='-fvisibility-inlines-hidden' '-std=c++17' '-fmessage-length=0' '-march=nocona' '-mtune=haswell' '-ftree-vectorize' '-fPIC' '-fstack-protector-strong' '-fno-plt' '-O2' '-ffunction-sections' '-pipe' '-isystem' '/cms/bah165/anaconda3/envs/GSimulator/include' '-v' '-o' 'CMakeFiles/cmTC_32933.dir/CMakeCXXCompilerABI.cpp.o' '-c' '-shared-libgcc']
  ignore line: [Linking CXX executable cmTC_32933]
  ignore line: [/cms/bah165/anaconda3/envs/GSimulator/bin/cmake -E cmake_link_script CMakeFiles/cmTC_32933.dir/link.txt --verbose=1]
  ignore line: [/cms/bah165/anaconda3/envs/GSimulator/bin/x86_64-conda-linux-gnu-c++ -fvisibility-inlines-hidden -std=c++17 -fmessage-length=0 -march=nocona -mtune=haswell -ftree-vectorize -fPIC -fstack-protector-strong -fno-plt -O2 -ffunction-sections -pipe -isystem /cms/bah165/anaconda3/envs/GSimulator/include  -Wl -O2 -Wl --sort-common -Wl --as-needed -Wl -z relro -Wl -z now -Wl --disable-new-dtags -Wl --gc-sections -Wl -rpath /cms/bah165/anaconda3/envs/GSimulator/lib -Wl -rpath-link /cms/bah165/anaconda3/envs/GSimulator/lib -L/cms/bah165/anaconda3/envs/GSimulator/lib -v CMakeFiles/cmTC_32933.dir/CMakeCXXCompilerABI.cpp.o -o cmTC_32933 ]
  ignore line: [Reading specs from /cms/bah165/anaconda3/envs/GSimulator/bin/../lib/gcc/x86_64-conda-linux-gnu/9.3.0/specs]
  ignore line: [COLLECT_GCC=/cms/bah165/anaconda3/envs/GSimulator/bin/x86_64-conda-linux-gnu-c++]
  ignore line: [COLLECT_LTO_WRAPPER=/cms/bah165/anaconda3/envs/GSimulator/bin/../libexec/gcc/x86_64-conda-linux-gnu/9.3.0/lto-wrapper]
  ignore line: [Target: x86_64-conda-linux-gnu]
  ignore line: [Configured with: /home/conda/feedstock_root/build_artifacts/ctng-compilers_1610729750655/work/.build/x86_64-conda-linux-gnu/src/gcc/configure --build=x86_64-build_pc-linux-gnu --host=x86_64-build_pc-linux-gnu --target=x86_64-conda-linux-gnu --prefix=/home/conda/feedstock_root/build_artifacts/ctng-compilers_1610729750655/work/gcc_built --with-sysroot=/home/conda/feedstock_root/build_artifacts/ctng-compilers_1610729750655/work/gcc_built/x86_64-conda-linux-gnu/sysroot --enable-languages=c c++ fortran objc obj-c++ --with-pkgversion='crosstool-NG 1.24.0.133_b0863d8_dirty' --enable-__cxa_atexit --disable-libmudflap --enable-libgomp --disable-libssp --enable-libquadmath --enable-libquadmath-support --enable-libsanitizer --enable-libmpx --with-gmp=/home/conda/feedstock_root/build_artifacts/ctng-compilers_1610729750655/work/.build/x86_64-conda-linux-gnu/buildtools --with-mpfr=/home/conda/feedstock_root/build_artifacts/ctng-compilers_1610729750655/work/.build/x86_64-conda-linux-gnu/buildtools --with-mpc=/home/conda/feedstock_root/build_artifacts/ctng-compilers_1610729750655/work/.build/x86_64-conda-linux-gnu/buildtools --with-isl=/home/conda/feedstock_root/build_artifacts/ctng-compilers_1610729750655/work/.build/x86_64-conda-linux-gnu/buildtools --enable-lto --enable-threads=posix --enable-target-optspace --enable-plugin --enable-gold --disable-nls --disable-multilib --with-local-prefix=/home/conda/feedstock_root/build_artifacts/ctng-compilers_1610729750655/work/gcc_built/x86_64-conda-linux-gnu/sysroot --enable-long-long --enable-default-pie]
  ignore line: [Thread model: posix]
  ignore line: [gcc version 9.3.0 (crosstool-NG 1.24.0.133_b0863d8_dirty) ]
  ignore line: [COMPILER_PATH=/cms/bah165/anaconda3/envs/GSimulator/bin/../libexec/gcc/x86_64-conda-linux-gnu/9.3.0/:/cms/bah165/anaconda3/envs/GSimulator/bin/../libexec/gcc/:/cms/bah165/anaconda3/envs/GSimulator/bin/../lib/gcc/x86_64-conda-linux-gnu/9.3.0/../../../../x86_64-conda-linux-gnu/bin/]
  ignore line: [LIBRARY_PATH=/cms/bah165/anaconda3/envs/GSimulator/bin/../lib/gcc/x86_64-conda-linux-gnu/9.3.0/:/cms/bah165/anaconda3/envs/GSimulator/bin/../lib/gcc/:/cms/bah165/anaconda3/envs/GSimulator/bin/../lib/gcc/x86_64-conda-linux-gnu/9.3.0/../../../../x86_64-conda-linux-gnu/lib/../lib/:/cms/bah165/anaconda3/envs/GSimulator/bin/../x86_64-conda-linux-gnu/sysroot/lib/../lib/:/cms/bah165/anaconda3/envs/GSimulator/bin/../x86_64-conda-linux-gnu/sysroot/usr/lib/../lib/:/cms/bah165/anaconda3/envs/GSimulator/bin/../lib/gcc/x86_64-conda-linux-gnu/9.3.0/../../../../x86_64-conda-linux-gnu/lib/:/cms/bah165/anaconda3/envs/GSimulator/bin/../x86_64-conda-linux-gnu/sysroot/lib/:/cms/bah165/anaconda3/envs/GSimulator/bin/../x86_64-conda-linux-gnu/sysroot/usr/lib/]
  ignore line: [COLLECT_GCC_OPTIONS='-fvisibility-inlines-hidden' '-std=c++17' '-fmessage-length=0' '-march=nocona' '-mtune=haswell' '-ftree-vectorize' '-fPIC' '-fstack-protector-strong' '-fno-plt' '-O2' '-ffunction-sections' '-pipe' '-isystem' '/cms/bah165/anaconda3/envs/GSimulator/include' '-L/cms/bah165/anaconda3/envs/GSimulator/lib' '-v' '-o' 'cmTC_32933' '-shared-libgcc']
  link line: [ /cms/bah165/anaconda3/envs/GSimulator/bin/../libexec/gcc/x86_64-conda-linux-gnu/9.3.0/collect2 -plugin /cms/bah165/anaconda3/envs/GSimulator/bin/../libexec/gcc/x86_64-conda-linux-gnu/9.3.0/liblto_plugin.so -plugin-opt=/cms/bah165/anaconda3/envs/GSimulator/bin/../libexec/gcc/x86_64-conda-linux-gnu/9.3.0/lto-wrapper -plugin-opt=-fresolution=/tmp/cc1TFjPh.res -plugin-opt=-pass-through=-lgcc_s -plugin-opt=-pass-through=-lgcc -plugin-opt=-pass-through=-lc -plugin-opt=-pass-through=-lgcc_s -plugin-opt=-pass-through=-lgcc --sysroot=/cms/bah165/anaconda3/envs/GSimulator/bin/../x86_64-conda-linux-gnu/sysroot --eh-frame-hdr -m elf_x86_64 -dynamic-linker /lib64/ld-linux-x86-64.so.2 -pie -o cmTC_32933 /cms/bah165/anaconda3/envs/GSimulator/bin/../x86_64-conda-linux-gnu/sysroot/usr/lib/../lib/Scrt1.o /cms/bah165/anaconda3/envs/GSimulator/bin/../x86_64-conda-linux-gnu/sysroot/usr/lib/../lib/crti.o /cms/bah165/anaconda3/envs/GSimulator/bin/../lib/gcc/x86_64-conda-linux-gnu/9.3.0/crtbeginS.o -L/cms/bah165/anaconda3/envs/GSimulator/lib -L/cms/bah165/anaconda3/envs/GSimulator/bin/../lib/gcc/x86_64-conda-linux-gnu/9.3.0 -L/cms/bah165/anaconda3/envs/GSimulator/bin/../lib/gcc -L/cms/bah165/anaconda3/envs/GSimulator/bin/../lib/gcc/x86_64-conda-linux-gnu/9.3.0/../../../../x86_64-conda-linux-gnu/lib/../lib -L/cms/bah165/anaconda3/envs/GSimulator/bin/../x86_64-conda-linux-gnu/sysroot/lib/../lib -L/cms/bah165/anaconda3/envs/GSimulator/bin/../x86_64-conda-linux-gnu/sysroot/usr/lib/../lib -L/cms/bah165/anaconda3/envs/GSimulator/bin/../lib/gcc/x86_64-conda-linux-gnu/9.3.0/../../../../x86_64-conda-linux-gnu/lib -L/cms/bah165/anaconda3/envs/GSimulator/bin/../x86_64-conda-linux-gnu/sysroot/lib -L/cms/bah165/anaconda3/envs/GSimulator/bin/../x86_64-conda-linux-gnu/sysroot/usr/lib -rpath /cms/bah165/anaconda3/envs/GSimulator/lib -O2 --sort-common --as-needed -z relro -z now --disable-new-dtags --gc-sections -rpath /cms/bah165/anaconda3/envs/GSimulator/lib -rpath-link /cms/bah165/anaconda3/envs/GSimulator/lib CMakeFiles/cmTC_32933.dir/CMakeCXXCompilerABI.cpp.o -lstdc++ -lm -lgcc_s -lgcc -lc -lgcc_s -lgcc /cms/bah165/anaconda3/envs/GSimulator/bin/../lib/gcc/x86_64-conda-linux-gnu/9.3.0/crtendS.o /cms/bah165/anaconda3/envs/GSimulator/bin/../x86_64-conda-linux-gnu/sysroot/usr/lib/../lib/crtn.o]
    arg [/cms/bah165/anaconda3/envs/GSimulator/bin/../libexec/gcc/x86_64-conda-linux-gnu/9.3.0/collect2] ==> ignore
    arg [-plugin] ==> ignore
    arg [/cms/bah165/anaconda3/envs/GSimulator/bin/../libexec/gcc/x86_64-conda-linux-gnu/9.3.0/liblto_plugin.so] ==> ignore
    arg [-plugin-opt=/cms/bah165/anaconda3/envs/GSimulator/bin/../libexec/gcc/x86_64-conda-linux-gnu/9.3.0/lto-wrapper] ==> ignore
    arg [-plugin-opt=-fresolution=/tmp/cc1TFjPh.res] ==> ignore
    arg [-plugin-opt=-pass-through=-lgcc_s] ==> ignore
    arg [-plugin-opt=-pass-through=-lgcc] ==> ignore
    arg [-plugin-opt=-pass-through=-lc] ==> ignore
    arg [-plugin-opt=-pass-through=-lgcc_s] ==> ignore
    arg [-plugin-opt=-pass-through=-lgcc] ==> ignore
    arg [--sysroot=/cms/bah165/anaconda3/envs/GSimulator/bin/../x86_64-conda-linux-gnu/sysroot] ==> ignore
    arg [--eh-frame-hdr] ==> ignore
    arg [-m] ==> ignore
    arg [elf_x86_64] ==> ignore
    arg [-dynamic-linker] ==> ignore
    arg [/lib64/ld-linux-x86-64.so.2] ==> ignore
    arg [-pie] ==> ignore
    arg [-o] ==> ignore
    arg [cmTC_32933] ==> ignore
    arg [/cms/bah165/anaconda3/envs/GSimulator/bin/../x86_64-conda-linux-gnu/sysroot/usr/lib/../lib/Scrt1.o] ==> obj [/cms/bah165/anaconda3/envs/GSimulator/bin/../x86_64-conda-linux-gnu/sysroot/usr/lib/../lib/Scrt1.o]
    arg [/cms/bah165/anaconda3/envs/GSimulator/bin/../x86_64-conda-linux-gnu/sysroot/usr/lib/../lib/crti.o] ==> obj [/cms/bah165/anaconda3/envs/GSimulator/bin/../x86_64-conda-linux-gnu/sysroot/usr/lib/../lib/crti.o]
    arg [/cms/bah165/anaconda3/envs/GSimulator/bin/../lib/gcc/x86_64-conda-linux-gnu/9.3.0/crtbeginS.o] ==> obj [/cms/bah165/anaconda3/envs/GSimulator/bin/../lib/gcc/x86_64-conda-linux-gnu/9.3.0/crtbeginS.o]
    arg [-L/cms/bah165/anaconda3/envs/GSimulator/lib] ==> dir [/cms/bah165/anaconda3/envs/GSimulator/lib]
    arg [-L/cms/bah165/anaconda3/envs/GSimulator/bin/../lib/gcc/x86_64-conda-linux-gnu/9.3.0] ==> dir [/cms/bah165/anaconda3/envs/GSimulator/bin/../lib/gcc/x86_64-conda-linux-gnu/9.3.0]
    arg [-L/cms/bah165/anaconda3/envs/GSimulator/bin/../lib/gcc] ==> dir [/cms/bah165/anaconda3/envs/GSimulator/bin/../lib/gcc]
    arg [-L/cms/bah165/anaconda3/envs/GSimulator/bin/../lib/gcc/x86_64-conda-linux-gnu/9.3.0/../../../../x86_64-conda-linux-gnu/lib/../lib] ==> dir [/cms/bah165/anaconda3/envs/GSimulator/bin/../lib/gcc/x86_64-conda-linux-gnu/9.3.0/../../../../x86_64-conda-linux-gnu/lib/../lib]
    arg [-L/cms/bah165/anaconda3/envs/GSimulator/bin/../x86_64-conda-linux-gnu/sysroot/lib/../lib] ==> dir [/cms/bah165/anaconda3/envs/GSimulator/bin/../x86_64-conda-linux-gnu/sysroot/lib/../lib]
    arg [-L/cms/bah165/anaconda3/envs/GSimulator/bin/../x86_64-conda-linux-gnu/sysroot/usr/lib/../lib] ==> dir [/cms/bah165/anaconda3/envs/GSimulator/bin/../x86_64-conda-linux-gnu/sysroot/usr/lib/../lib]
    arg [-L/cms/bah165/anaconda3/envs/GSimulator/bin/../lib/gcc/x86_64-conda-linux-gnu/9.3.0/../../../../x86_64-conda-linux-gnu/lib] ==> dir [/cms/bah165/anaconda3/envs/GSimulator/bin/../lib/gcc/x86_64-conda-linux-gnu/9.3.0/../../../../x86_64-conda-linux-gnu/lib]
    arg [-L/cms/bah165/anaconda3/envs/GSimulator/bin/../x86_64-conda-linux-gnu/sysroot/lib] ==> dir [/cms/bah165/anaconda3/envs/GSimulator/bin/../x86_64-conda-linux-gnu/sysroot/lib]
    arg [-L/cms/bah165/anaconda3/envs/GSimulator/bin/../x86_64-conda-linux-gnu/sysroot/usr/lib] ==> dir [/cms/bah165/anaconda3/envs/GSimulator/bin/../x86_64-conda-linux-gnu/sysroot/usr/lib]
    arg [-rpath] ==> ignore
    arg [/cms/bah165/anaconda3/envs/GSimulator/lib] ==> ignore
    arg [-O2] ==> ignore
    arg [--sort-common] ==> ignore
    arg [--as-needed] ==> ignore
    arg [-zrelro] ==> ignore
    arg [-znow] ==> ignore
    arg [--disable-new-dtags] ==> ignore
    arg [--gc-sections] ==> ignore
    arg [-rpath] ==> ignore
    arg [/cms/bah165/anaconda3/envs/GSimulator/lib] ==> ignore
    arg [-rpath-link] ==> ignore
    arg [/cms/bah165/anaconda3/envs/GSimulator/lib] ==> ignore
    arg [CMakeFiles/cmTC_32933.dir/CMakeCXXCompilerABI.cpp.o] ==> ignore
    arg [-lstdc++] ==> lib [stdc++]
    arg [-lm] ==> lib [m]
    arg [-lgcc_s] ==> lib [gcc_s]
    arg [-lgcc] ==> lib [gcc]
    arg [-lc] ==> lib [c]
    arg [-lgcc_s] ==> lib [gcc_s]
    arg [-lgcc] ==> lib [gcc]
    arg [/cms/bah165/anaconda3/envs/GSimulator/bin/../lib/gcc/x86_64-conda-linux-gnu/9.3.0/crtendS.o] ==> obj [/cms/bah165/anaconda3/envs/GSimulator/bin/../lib/gcc/x86_64-conda-linux-gnu/9.3.0/crtendS.o]
    arg [/cms/bah165/anaconda3/envs/GSimulator/bin/../x86_64-conda-linux-gnu/sysroot/usr/lib/../lib/crtn.o] ==> obj [/cms/bah165/anaconda3/envs/GSimulator/bin/../x86_64-conda-linux-gnu/sysroot/usr/lib/../lib/crtn.o]
  collapse obj [/cms/bah165/anaconda3/envs/GSimulator/bin/../x86_64-conda-linux-gnu/sysroot/usr/lib/../lib/Scrt1.o] ==> [/cms/bah165/anaconda3/envs/GSimulator/x86_64-conda-linux-gnu/sysroot/usr/lib/Scrt1.o]
  collapse obj [/cms/bah165/anaconda3/envs/GSimulator/bin/../x86_64-conda-linux-gnu/sysroot/usr/lib/../lib/crti.o] ==> [/cms/bah165/anaconda3/envs/GSimulator/x86_64-conda-linux-gnu/sysroot/usr/lib/crti.o]
  collapse obj [/cms/bah165/anaconda3/envs/GSimulator/bin/../lib/gcc/x86_64-conda-linux-gnu/9.3.0/crtbeginS.o] ==> [/cms/bah165/anaconda3/envs/GSimulator/lib/gcc/x86_64-conda-linux-gnu/9.3.0/crtbeginS.o]
  collapse obj [/cms/bah165/anaconda3/envs/GSimulator/bin/../lib/gcc/x86_64-conda-linux-gnu/9.3.0/crtendS.o] ==> [/cms/bah165/anaconda3/envs/GSimulator/lib/gcc/x86_64-conda-linux-gnu/9.3.0/crtendS.o]
  collapse obj [/cms/bah165/anaconda3/envs/GSimulator/bin/../x86_64-conda-linux-gnu/sysroot/usr/lib/../lib/crtn.o] ==> [/cms/bah165/anaconda3/envs/GSimulator/x86_64-conda-linux-gnu/sysroot/usr/lib/crtn.o]
  collapse library dir [/cms/bah165/anaconda3/envs/GSimulator/lib] ==> [/cms/bah165/anaconda3/envs/GSimulator/lib]
  collapse library dir [/cms/bah165/anaconda3/envs/GSimulator/bin/../lib/gcc/x86_64-conda-linux-gnu/9.3.0] ==> [/cms/bah165/anaconda3/envs/GSimulator/lib/gcc/x86_64-conda-linux-gnu/9.3.0]
  collapse library dir [/cms/bah165/anaconda3/envs/GSimulator/bin/../lib/gcc] ==> [/cms/bah165/anaconda3/envs/GSimulator/lib/gcc]
  collapse library dir [/cms/bah165/anaconda3/envs/GSimulator/bin/../lib/gcc/x86_64-conda-linux-gnu/9.3.0/../../../../x86_64-conda-linux-gnu/lib/../lib] ==> [/cms/bah165/anaconda3/envs/GSimulator/x86_64-conda-linux-gnu/lib]
  collapse library dir [/cms/bah165/anaconda3/envs/GSimulator/bin/../x86_64-conda-linux-gnu/sysroot/lib/../lib] ==> [/cms/bah165/anaconda3/envs/GSimulator/x86_64-conda-linux-gnu/sysroot/lib]
  collapse library dir [/cms/bah165/anaconda3/envs/GSimulator/bin/../x86_64-conda-linux-gnu/sysroot/usr/lib/../lib] ==> [/cms/bah165/anaconda3/envs/GSimulator/x86_64-conda-linux-gnu/sysroot/usr/lib]
  collapse library dir [/cms/bah165/anaconda3/envs/GSimulator/bin/../lib/gcc/x86_64-conda-linux-gnu/9.3.0/../../../../x86_64-conda-linux-gnu/lib] ==> [/cms/bah165/anaconda3/envs/GSimulator/x86_64-conda-linux-gnu/lib]
  collapse library dir [/cms/bah165/anaconda3/envs/GSimulator/bin/../x86_64-conda-linux-gnu/sysroot/lib] ==> [/cms/bah165/anaconda3/envs/GSimulator/x86_64-conda-linux-gnu/sysroot/lib]
  collapse library dir [/cms/bah165/anaconda3/envs/GSimulator/bin/../x86_64-conda-linux-gnu/sysroot/usr/lib] ==> [/cms/bah165/anaconda3/envs/GSimulator/x86_64-conda-linux-gnu/sysroot/usr/lib]
  implicit libs: [stdc++;m;gcc_s;gcc;c;gcc_s;gcc]
  implicit objs: [/cms/bah165/anaconda3/envs/GSimulator/x86_64-conda-linux-gnu/sysroot/usr/lib/Scrt1.o;/cms/bah165/anaconda3/envs/GSimulator/x86_64-conda-linux-gnu/sysroot/usr/lib/crti.o;/cms/bah165/anaconda3/envs/GSimulator/lib/gcc/x86_64-conda-linux-gnu/9.3.0/crtbeginS.o;/cms/bah165/anaconda3/envs/GSimulator/lib/gcc/x86_64-conda-linux-gnu/9.3.0/crtendS.o;/cms/bah165/anaconda3/envs/GSimulator/x86_64-conda-linux-gnu/sysroot/usr/lib/crtn.o]
  implicit dirs: [/cms/bah165/anaconda3/envs/GSimulator/lib;/cms/bah165/anaconda3/envs/GSimulator/lib/gcc/x86_64-conda-linux-gnu/9.3.0;/cms/bah165/anaconda3/envs/GSimulator/lib/gcc;/cms/bah165/anaconda3/envs/GSimulator/x86_64-conda-linux-gnu/lib;/cms/bah165/anaconda3/envs/GSimulator/x86_64-conda-linux-gnu/sysroot/lib;/cms/bah165/anaconda3/envs/GSimulator/x86_64-conda-linux-gnu/sysroot/usr/lib]
  implicit fwks: []


Determining if the include file pthread.h exists passed with the following output:
Change Dir: /cms/bah165/programs/AliCosmics/build/CMakeFiles/CMakeTmp

Run Build Command(s):/usr/bin/gmake -f Makefile cmTC_738e4/fast && /usr/bin/gmake  -f CMakeFiles/cmTC_738e4.dir/build.make CMakeFiles/cmTC_738e4.dir/build
gmake[1]: Entering directory `/cms/bah165/programs/AliCosmics/build/CMakeFiles/CMakeTmp'
Building C object CMakeFiles/cmTC_738e4.dir/CheckIncludeFile.c.o
/cms/bah165/anaconda3/envs/GSimulator/bin/x86_64-conda-linux-gnu-cc   -march=nocona -mtune=haswell -ftree-vectorize -fPIC -fstack-protector-strong -fno-plt -O2 -ffunction-sections -pipe -isystem /cms/bah165/anaconda3/envs/GSimulator/include  -o CMakeFiles/cmTC_738e4.dir/CheckIncludeFile.c.o -c /cms/bah165/programs/AliCosmics/build/CMakeFiles/CMakeTmp/CheckIncludeFile.c
Linking C executable cmTC_738e4
/cms/bah165/anaconda3/envs/GSimulator/bin/cmake -E cmake_link_script CMakeFiles/cmTC_738e4.dir/link.txt --verbose=1
/cms/bah165/anaconda3/envs/GSimulator/bin/x86_64-conda-linux-gnu-cc -march=nocona -mtune=haswell -ftree-vectorize -fPIC -fstack-protector-strong -fno-plt -O2 -ffunction-sections -pipe -isystem /cms/bah165/anaconda3/envs/GSimulator/include  -Wl,-O2 -Wl,--sort-common -Wl,--as-needed -Wl,-z,relro -Wl,-z,now -Wl,--disable-new-dtags -Wl,--gc-sections -Wl,-rpath,/cms/bah165/anaconda3/envs/GSimulator/lib -Wl,-rpath-link,/cms/bah165/anaconda3/envs/GSimulator/lib -L/cms/bah165/anaconda3/envs/GSimulator/lib  CMakeFiles/cmTC_738e4.dir/CheckIncludeFile.c.o -o cmTC_738e4 
gmake[1]: Leaving directory `/cms/bah165/programs/AliCosmics/build/CMakeFiles/CMakeTmp'



